#
# A fatal error has been detected by the Java Runtime Environment:
#
#  SIGSEGV (0xb) at pc=0x000000010bc510b4, pid=69300, tid=39427
#
# JRE version: OpenJDK Runtime Environment (14.0) (build 14-internal+0-adhoc.qwwdfsad.loom)
# Java VM: OpenJDK 64-Bit Server VM (14-internal+0-adhoc.qwwdfsad.loom, mixed mode, sharing, tiered, compressed oops, g1 gc, bsd-amd64)
# Problematic frame:
# V  [libjvm.dylib+0x8510b4]  EnableIf<HasDecorator<1097844ull, MO_UNORDERED>::value, oopDesc*>::type RawAccessBarrier<1097844ull>::load_internal<1097844ull, oopDesc*>(void*)+0x4
#
# No core dump will be written. Core dumps have been disabled. To enable core dumping, try "ulimit -c unlimited" before starting Java again
#
# If you would like to submit a bug report, please visit:
#   http://bugreport.java.com/bugreport/crash.jsp
#

---------------  S U M M A R Y ------------

Command Line: -XX:CompileCommandFile=/var/folders/81/6kccpxhx0vs_tjy4x93n2zzc0000gn/T/jmh17103116923461236774compilecommand org.openjdk.jmh.runner.ForkedMain 127.0.0.1 60359

Host: MacBookPro11,3 x86_64 2500 MHz, 8 cores, 16G, Darwin 17.7.0
Time: Mon Jul 29 10:47:04 2019 PDT elapsed time: 1 seconds (0d 0h 0m 1s)

---------------  T H R E A D  ---------------

Current thread (0x00007fe98209f800):  JavaThread "org.jetbrains.loom.generators.SieveBenchmark.loomSieve-jmh-worker-1" daemon [_thread_in_vm, id=39427, stack(0x0000700005bcd000,0x0000700005ccd000)]

Stack: [0x0000700005bcd000,0x0000700005ccd000],  sp=0x0000700005ccb200,  free space=1016k
Native frames: (J=compiled Java code, A=aot compiled Java code, j=interpreted, Vv=VM code, C=native code)
V  [libjvm.dylib+0x8510b4]  EnableIf<HasDecorator<1097844ull, MO_UNORDERED>::value, oopDesc*>::type RawAccessBarrier<1097844ull>::load_internal<1097844ull, oopDesc*>(void*)+0x4
V  [libjvm.dylib+0x851079]  oopDesc* RawAccessBarrier<1097844ull>::oop_load<oopDesc*>(void*)+0x9
V  [libjvm.dylib+0x8510eb]  oopDesc* G1BarrierSet::AccessBarrier<1097844ull, G1BarrierSet>::oop_load_not_in_heap<oopDesc*>(oopDesc**)+0xb
V  [libjvm.dylib+0x266a96]  CompiledMethodKeepalive<Config<true, true, true> >::CompiledMethodKeepalive(CompiledMethod*, CompiledMethodKeepalive<Config<true, true, true> >*, JavaThread*)+0x5a
V  [libjvm.dylib+0x267042]  freeze_result Freeze<Config<true, true, true>, (op_mode)0>::freeze<false>(frame const&, hframe&, long**, int)+0x56
V  [libjvm.dylib+0x26865e]  freeze_result Freeze<Config<true, true, true>, (op_mode)0>::recurse_freeze_java_frame<Compiled, false, false>(frame const&, hframe&, long**, int, int, int, Compiled::ExtraT, CompiledMethodKeepalive<Config<true, true, true> >*)+0xe2
V  [libjvm.dylib+0x26807d]  freeze_result Freeze<Config<true, true, true>, (op_mode)0>::recurse_freeze_compiled_frame<false, false>(frame const&, hframe&, long**, CompiledMethodKeepalive<Config<true, true, true> >*)+0xa5
V  [libjvm.dylib+0x26707b]  freeze_result Freeze<Config<true, true, true>, (op_mode)0>::freeze<false>(frame const&, hframe&, long**, int)+0x8f
V  [libjvm.dylib+0x26865e]  freeze_result Freeze<Config<true, true, true>, (op_mode)0>::recurse_freeze_java_frame<Compiled, false, false>(frame const&, hframe&, long**, int, int, int, Compiled::ExtraT, CompiledMethodKeepalive<Config<true, true, true> >*)+0xe2
V  [libjvm.dylib+0x26807d]  freeze_result Freeze<Config<true, true, true>, (op_mode)0>::recurse_freeze_compiled_frame<false, false>(frame const&, hframe&, long**, CompiledMethodKeepalive<Config<true, true, true> >*)+0xa5
V  [libjvm.dylib+0x26707b]  freeze_result Freeze<Config<true, true, true>, (op_mode)0>::freeze<false>(frame const&, hframe&, long**, int)+0x8f
V  [libjvm.dylib+0x268cbb]  freeze_result Freeze<Config<true, true, true>, (op_mode)0>::recurse_freeze_java_frame<Compiled, true, false>(frame const&, hframe&, long**, int, int, int, Compiled::ExtraT, CompiledMethodKeepalive<Config<true, true, true> >*)+0xe7
V  [libjvm.dylib+0x2669d5]  freeze_result Freeze<Config<true, true, true>, (op_mode)0>::recurse_freeze_compiled_frame<true, false>(frame const&, hframe&, long**, CompiledMethodKeepalive<Config<true, true, true> >*)+0xa5
V  [libjvm.dylib+0x26678f]  freeze_result Freeze<Config<true, true, true>, (op_mode)0>::freeze<true>(frame const&, hframe&, long**, int)+0x8f
V  [libjvm.dylib+0x266536]  Freeze<Config<true, true, true>, (op_mode)0>::freeze(FrameInfo*)+0x76
V  [libjvm.dylib+0x266268]  freeze_result Config<true, true, true>::freeze<(op_mode)0>(JavaThread*, ContMirror&, FrameInfo*)+0xa2
V  [libjvm.dylib+0x26153c]  int freeze0<(op_mode)0>(JavaThread*, FrameInfo*)+0xac
V  [libjvm.dylib+0x261431]  Continuation::freeze(JavaThread*, FrameInfo*, bool)+0x3d
v  ~RuntimeStub::cont_doYield
C  0x000000070e398b18

Java frames: (J=compiled Java code, j=interpreted, Vv=VM code)
v  ~RuntimeStub::cont_doYield
J 576 c2 java.lang.Continuation.yield0(Ljava/lang/ContinuationScope;Ljava/lang/Continuation;)Z java.base@14-internal (622 bytes) @ 0x000000011e93f604 [0x000000011e93f5a0+0x0000000000000064]
J 579 c2 java.lang.Continuation.yield(Ljava/lang/ContinuationScope;)Z java.base@14-internal (68 bytes) @ 0x000000011e9412f8 [0x000000011e9412c0+0x0000000000000038]
J 619 c1 org.jetbrains.loom.generators.LoomSieveKt$loomPrimes$1.invoke(Lorg/jetbrains/loom/generators/Generator;)V (63 bytes) @ 0x00000001174b646c [0x00000001174b5dc0+0x00000000000006ac]
j  org.jetbrains.loom.generators.LoomSieveKt$loomPrimes$1.invoke(Ljava/lang/Object;)Ljava/lang/Object;+5
J 601 c2 java.lang.Continuation.enter()V java.base@14-internal (272 bytes) @ 0x000000011e9466dc [0x000000011e946220+0x00000000000004bc]
J 635 c2 java.lang.Continuation.run()V java.base@14-internal (713 bytes) @ 0x000000011e94d754 [0x000000011e94d320+0x0000000000000434]
J 574 c2 org.jetbrains.loom.generators.GeneratorImpl.hasNext()Z (50 bytes) @ 0x000000011e93eb98 [0x000000011e93eb40+0x0000000000000058]
J 597 c1 kotlin.sequences.DropSequence$iterator$1.drop()V (45 bytes) @ 0x00000001174afcbc [0x00000001174afb80+0x000000000000013c]
j  kotlin.sequences.DropSequence$iterator$1.hasNext()Z+1
j  kotlin.sequences.SequencesKt___SequencesKt.first(Lkotlin/sequences/Sequence;)Ljava/lang/Object;+14
J 636 c1 org.jetbrains.loom.generators.SieveBenchmark.loomSieve()J (23 bytes) @ 0x00000001174bc09c [0x00000001174bbaa0+0x00000000000005fc]
j  org.jetbrains.loom.generators.generated.SieveBenchmark_loomSieve_jmhTest.loomSieve_avgt_jmhStub(Lorg/openjdk/jmh/runner/InfraControl;Lorg/openjdk/jmh/results/RawResults;Lorg/openjdk/jmh/infra/BenchmarkParams;Lorg/openjdk/jmh/infra/IterationParams;Lorg/openjdk/jmh/infra/ThreadParams;Lorg/openjdk/jmh/infra/Blackhole;Lorg/openjdk/jmh/infra/Control;ILorg/jetbrains/loom/generators/generated/SieveBenchmark_jmhType;)V+17
j  org.jetbrains.loom.generators.generated.SieveBenchmark_loomSieve_jmhTest.loomSieve_AverageTime(Lorg/openjdk/jmh/runner/InfraControl;Lorg/openjdk/jmh/infra/ThreadParams;)Lorg/openjdk/jmh/results/BenchmarkTaskResult;+144
v  ~StubRoutines::call_stub
j  jdk.internal.reflect.NativeMethodAccessorImpl.invoke0(Ljava/lang/reflect/Method;Ljava/lang/Object;[Ljava/lang/Object;)Ljava/lang/Object;+0 java.base@14-internal
j  jdk.internal.reflect.NativeMethodAccessorImpl.invoke(Ljava/lang/Object;[Ljava/lang/Object;)Ljava/lang/Object;+100 java.base@14-internal
j  jdk.internal.reflect.DelegatingMethodAccessorImpl.invoke(Ljava/lang/Object;[Ljava/lang/Object;)Ljava/lang/Object;+6 java.base@14-internal
j  java.lang.reflect.Method.invoke(Ljava/lang/Object;[Ljava/lang/Object;)Ljava/lang/Object;+59 java.base@14-internal
j  org.openjdk.jmh.runner.BenchmarkHandler$BenchmarkTask.call()Lorg/openjdk/jmh/results/BenchmarkTaskResult;+50
j  org.openjdk.jmh.runner.BenchmarkHandler$BenchmarkTask.call()Ljava/lang/Object;+1
j  java.util.concurrent.FutureTask.run()V+39 java.base@14-internal
j  java.util.concurrent.Executors$RunnableAdapter.call()Ljava/lang/Object;+4 java.base@14-internal
j  java.util.concurrent.FutureTask.run()V+39 java.base@14-internal
j  java.util.concurrent.ThreadPoolExecutor.runWorker(Ljava/util/concurrent/ThreadPoolExecutor$Worker;)V+92 java.base@14-internal
j  java.util.concurrent.ThreadPoolExecutor$Worker.run()V+5 java.base@14-internal
j  java.lang.Thread.run()V+11 java.base@14-internal
v  ~StubRoutines::call_stub

siginfo: si_signo: 11 (SIGSEGV), si_code: 1 (SEGV_MAPERR), si_addr: 0x00000012840f0000

Register to memory mapping:

RAX=0x0 is NULL
RBX=0x00000012840f0000 is an unknown value
RCX=0x00007fe98209f800 is a thread
RDX=0x0 is NULL
RSP=0x0000700005ccb200 is pointing into the stack for thread: 0x00007fe98209f800
RBP=0x0000700005ccb200 is pointing into the stack for thread: 0x00007fe98209f800
RSI=0x0000000116e59190 is at code_begin+-112 in 
[CodeBlob (0x0000000116e59190)]
Framesize: 0
BufferBlob (0x0000000116e59190) used for Interpreter
RDI=0x00000012840f0000 is an unknown value
R8 =0x0 is NULL
R9 =0x0 is NULL
R10=0x0000000116f79680 is at code_begin+0 in 
[CodeBlob (0x0000000116f79610)]
Framesize: 0
BufferBlob (0x0000000116f79610) used for oopmap stub
R11=0x000000070e398b18 is an oop: java.lang.ContinuationScope 
{0x000000070e398b18} - klass: 'java/lang/ContinuationScope'
R12=0x00007fe98209f800 is a thread
R13=0x0000700005ccb298 is pointing into the stack for thread: 0x00007fe98209f800
R14=0x0 is NULL
R15=0x0000000116e59190 is at code_begin+-112 in 
[CodeBlob (0x0000000116e59190)]
Framesize: 0
BufferBlob (0x0000000116e59190) used for Interpreter


Registers:
RAX=0x0000000000000000, RBX=0x00000012840f0000, RCX=0x00007fe98209f800, RDX=0x0000000000000000
RSP=0x0000700005ccb200, RBP=0x0000700005ccb200, RSI=0x0000000116e59190, RDI=0x00000012840f0000
R8 =0x0000000000000000, R9 =0x0000000000000000, R10=0x0000000116f79680, R11=0x000000070e398b18
R12=0x00007fe98209f800, R13=0x0000700005ccb298, R14=0x0000000000000000, R15=0x0000000116e59190
RIP=0x000000010bc510b4, EFLAGS=0x0000000000010246, ERR=0x0000000000000004
  TRAPNO=0x000000000000000e

Top of Stack: (sp=0x0000700005ccb200)
0x0000700005ccb200:   0000700005ccb210 000000010bc51079
0x0000700005ccb210:   0000700005ccb230 000000010bc510eb
0x0000700005ccb220:   0000000000000000 00000012840f0000
0x0000700005ccb230:   0000700005ccb280 000000010b666a96
0x0000700005ccb240:   000000070e398c38 00000012840f0000
0x0000700005ccb250:   0000000000000000 0000700005ccb8a0
0x0000700005ccb260:   0000700005ccb328 0000700005ccb298
0x0000700005ccb270:   0000700005ccbc10 0000700005ccb840
0x0000700005ccb280:   0000700005ccb2e0 000000010b667042
0x0000700005ccb290:   0000700005ccb310 0000000000000000
0x0000700005ccb2a0:   0000000116e59190 0000000000000000
0x0000700005ccb2b0:   0000000000000000 0000000000000000
0x0000700005ccb2c0:   0000700005ccb4c8 0000700005ccb8a0
0x0000700005ccb2d0:   0000000116e5ca10 0000700005ccb840
0x0000700005ccb2e0:   0000700005ccb3a0 000000010b66865e
0x0000700005ccb2f0:   00000000ffffffff 000000010b6689e5
0x0000700005ccb300:   0000000116f79300 0000700005ccb730
0x0000700005ccb310:   0000700005ccb558 0000700005ccb9e0
0x0000700005ccb320:   0000700005ccb790 0000700005ccbc20
0x0000700005ccb330:   0000000116e5ca10 0000000116e59190
0x0000700005ccb340:   0000000000000000 0000700000000000
0x0000700005ccb350:   0000700005ccbc88 0000700005ccbc20
0x0000700005ccb360:   0000700005ccbb20 0000700005ccbc10
0x0000700005ccb370:   000000f000000000 0000700005ccb4c8
0x0000700005ccb380:   0000000000000003 00000000000000f0
0x0000700005ccb390:   0000700005ccb8a0 0000000116f79680
0x0000700005ccb3a0:   0000700005ccb420 000000010b66807d
0x0000700005ccb3b0:   0000000000000003 0000000116f79680
0x0000700005ccb3c0:   0000700005ccb438 000000010b668042
0x0000700005ccb3d0:   0000700005ccb420 0000700005ccb438
0x0000700005ccb3e0:   0000700005ccbb20 0000700005ccb840
0x0000700005ccb3f0:   0000000000000000 0000700005ccb8a0 

Instructions: (pc=0x000000010bc510b4)
0x000000010bc50fb4:   00 be ef 00 00 00 31 c0 e8 ce 65 a9 ff e8 d6 f2
0x000000010bc50fc4:   e6 ff 31 c0 5d c3 66 0f 1f 44 00 00 55 48 89 e5
0x000000010bc50fd4:   e8 37 fb ff ff 48 89 c7 e8 3f fb ff ff ff c8 83
0x000000010bc50fe4:   f8 04 73 0f 48 98 48 8d 0d 1f 55 1f 00 48 8b 04
0x000000010bc50ff4:   c1 5d c3 48 8d 3d 0d f0 05 00 48 8d 15 4e f0 05
0x000000010bc51004:   00 be ef 00 00 00 31 c0 e8 7e 65 a9 ff e8 86 f2
0x000000010bc51014:   e6 ff 31 c0 5d c3 66 0f 1f 44 00 00 55 48 89 e5
0x000000010bc51024:   5d e9 36 00 00 00 66 0f 1f 44 00 00 55 48 89 e5
0x000000010bc51034:   5d e9 96 00 00 00 66 0f 1f 44 00 00 55 48 89 e5
0x000000010bc51044:   5d e9 96 00 00 00 66 0f 1f 44 00 00 55 48 89 e5
0x000000010bc51054:   5d e9 c6 00 00 00 66 0f 1f 44 00 00 55 48 89 e5
0x000000010bc51064:   5d e9 06 00 00 00 66 0f 1f 44 00 00 55 48 89 e5
0x000000010bc51074:   e8 17 00 00 00 48 89 c7 5d e9 1e 00 00 00 66 66
0x000000010bc51084:   66 66 66 2e 0f 1f 84 00 00 00 00 00 55 48 89 e5
0x000000010bc51094:   5d e9 16 00 00 00 66 0f 1f 44 00 00 55 48 89 e5
0x000000010bc510a4:   5d e9 16 00 00 00 66 0f 1f 44 00 00 55 48 89 e5
0x000000010bc510b4:   48 8b 07 5d c3 0f 1f 80 00 00 00 00 55 48 89 e5
0x000000010bc510c4:   48 89 f8 5d c3 0f 1f 80 00 00 00 00 55 48 89 e5
0x000000010bc510d4:   5d e9 96 ff ff ff 66 0f 1f 44 00 00 55 48 89 e5
0x000000010bc510e4:   53 50 e8 25 00 00 00 48 89 c3 bf 74 c0 10 00 48
0x000000010bc510f4:   89 de e8 45 fb ff ff 48 89 d8 48 83 c4 08 5b 5d
0x000000010bc51104:   c3 66 66 2e 0f 1f 84 00 00 00 00 00 55 48 89 e5
0x000000010bc51114:   5d e9 56 ff ff ff 66 0f 1f 44 00 00 55 48 89 e5
0x000000010bc51124:   53 50 e8 35 00 00 00 48 89 c3 e8 7d fb ff ff 48
0x000000010bc51134:   89 c7 48 89 de e8 04 cd ef ff 48 89 c3 bf 74 c0
0x000000010bc51144:   10 00 48 89 de e8 82 fb ff ff 48 89 d8 48 83 c4
0x000000010bc51154:   08 5b 5d c3 0f 1f 84 00 00 00 00 00 55 48 89 e5
0x000000010bc51164:   5d e9 06 ff ff ff 66 0f 1f 44 00 00 55 48 89 e5
0x000000010bc51174:   5d e9 36 00 00 00 66 0f 1f 44 00 00 55 48 89 e5
0x000000010bc51184:   5d e9 96 00 00 00 66 0f 1f 44 00 00 55 48 89 e5
0x000000010bc51194:   5d e9 96 00 00 00 66 0f 1f 44 00 00 55 48 89 e5
0x000000010bc511a4:   5d e9 c6 00 00 00 66 0f 1f 44 00 00 55 48 89 e5 


Stack slot to memory mapping:
stack at sp + 0 slots: 0x0000700005ccb210 is pointing into the stack for thread: 0x00007fe98209f800
stack at sp + 1 slots: 0x000000010bc51079: _ZN16RawAccessBarrierILy1097844EE8oop_loadIP7oopDescEET_Pv+0x9 in /Users/qwwdfsad/workspace/loom/build/macosx-x86_64-server-release/images/jdk-bundle/jdk-14.jdk/Contents/Home/lib/server/libjvm.dylib at 0x000000010b400000
stack at sp + 2 slots: 0x0000700005ccb230 is pointing into the stack for thread: 0x00007fe98209f800
stack at sp + 3 slots: 0x000000010bc510eb: _ZN12G1BarrierSet13AccessBarrierILy1097844ES_E20oop_load_not_in_heapIP7oopDescEES4_PT_+0xb in /Users/qwwdfsad/workspace/loom/build/macosx-x86_64-server-release/images/jdk-bundle/jdk-14.jdk/Contents/Home/lib/server/libjvm.dylib at 0x000000010b400000
stack at sp + 4 slots: 0x0 is NULL
stack at sp + 5 slots: 0x00000012840f0000 is an unknown value
stack at sp + 6 slots: 0x0000700005ccb280 is pointing into the stack for thread: 0x00007fe98209f800
stack at sp + 7 slots: 0x000000010b666a96: _ZN23CompiledMethodKeepaliveI6ConfigILb1ELb1ELb1EEEC2EP14CompiledMethodPS2_P10JavaThread+0x5a in /Users/qwwdfsad/workspace/loom/build/macosx-x86_64-server-release/images/jdk-bundle/jdk-14.jdk/Contents/Home/lib/server/libjvm.dylib at 0x000000010b400000


---------------  P R O C E S S  ---------------

Threads class SMR info:
_java_thread_list=0x00007fe98293aa90, length=10, elements={
0x00007fe982004000, 0x00007fe982092000, 0x00007fe982095000, 0x00007fe98101e800,
0x00007fe98101f800, 0x00007fe98100b800, 0x00007fe98100c800, 0x00007fe980800000,
0x00007fe984009000, 0x00007fe98209f800
}

Java Threads: ( => current thread )
  0x00007fe982004000 JavaThread "main" [_thread_blocked, id=9731, stack(0x000000010a226000,0x000000010a326000)]
  0x00007fe982092000 JavaThread "Reference Handler" daemon [_thread_blocked, id=12803, stack(0x00007000051af000,0x00007000052af000)]
  0x00007fe982095000 JavaThread "Finalizer" daemon [_thread_blocked, id=15619, stack(0x00007000052b2000,0x00007000053b2000)]
  0x00007fe98101e800 JavaThread "Signal Dispatcher" daemon [_thread_blocked, id=13575, stack(0x00007000053b5000,0x00007000054b5000)]
  0x00007fe98101f800 JavaThread "C2 CompilerThread0" daemon [_thread_blocked, id=22275, stack(0x00007000054b8000,0x00007000055b8000)]
  0x00007fe98100b800 JavaThread "C1 CompilerThread0" daemon [_thread_blocked, id=41987, stack(0x00007000055bb000,0x00007000056bb000)]
  0x00007fe98100c800 JavaThread "Sweeper thread" daemon [_thread_blocked, id=41475, stack(0x00007000056be000,0x00007000057be000)]
  0x00007fe980800000 JavaThread "Service Thread" daemon [_thread_blocked, id=40963, stack(0x00007000057c1000,0x00007000058c1000)]
  0x00007fe984009000 JavaThread "Common-Cleaner" daemon [_thread_blocked, id=40451, stack(0x00007000059c7000,0x0000700005ac7000)]
=>0x00007fe98209f800 JavaThread "org.jetbrains.loom.generators.SieveBenchmark.loomSieve-jmh-worker-1" daemon [_thread_in_vm, id=39427, stack(0x0000700005bcd000,0x0000700005ccd000)]

Other Threads:
  0x00007fe9840b9800 VMThread "VM Thread" [stack: 0x00007000050ac000,0x00007000051ac000] [id=16643]
  0x00007fe983813800 WatcherThread [stack: 0x00007000058c4000,0x00007000059c4000] [id=40707]
  0x00007fe982040000 GCTaskThread "GC Thread#0" [stack: 0x0000700004b9d000,0x0000700004c9d000] [id=20227]
  0x00007fe981093800 GCTaskThread "GC Thread#1" [stack: 0x0000700005aca000,0x0000700005bca000] [id=39943]
  0x00007fe981094800 GCTaskThread "GC Thread#2" [stack: 0x0000700005cd0000,0x0000700005dd0000] [id=40199]
  0x00007fe981095000 GCTaskThread "GC Thread#3" [stack: 0x0000700005dd3000,0x0000700005ed3000] [id=38915]
  0x00007fe9820a0800 GCTaskThread "GC Thread#4" [stack: 0x0000700005ed6000,0x0000700005fd6000] [id=24579]
  0x00007fe984139800 GCTaskThread "GC Thread#5" [stack: 0x0000700005fd9000,0x00007000060d9000] [id=24835]
  0x00007fe982061000 ConcurrentGCThread "G1 Main Marker" [stack: 0x0000700004ca0000,0x0000700004da0000] [id=11779]
  0x00007fe98400b000 ConcurrentGCThread "G1 Conc#0" [stack: 0x0000700004da3000,0x0000700004ea3000] [id=12035]
  0x00007fe982075800 ConcurrentGCThread "G1 Refine#0" [stack: 0x0000700004ea6000,0x0000700004fa6000] [id=18691]
  0x00007fe982076000 ConcurrentGCThread "G1 Young RemSet Sampling" [stack: 0x0000700004fa9000,0x00007000050a9000] [id=18179]

Threads with active compile tasks:

VM state:not at safepoint (normal execution)

VM Mutex/Monitor currently owned by a thread: None

Heap address: 0x0000000700000000, size: 4096 MB, Compressed Oops mode: Zero based, Oop shift amount: 3
Narrow klass base: 0x0000000800000000, Narrow klass shift: 3
Compressed class space size: 1073741824 Address: 0x0000000800b3e000

Heap:
 garbage-first heap   total 264192K, used 29917K [0x0000000700000000, 0x0000000800000000)
  region size 1024K, 29 young (29696K), 2 survivors (2048K)
 Metaspace       used 3485K, capacity 5770K, committed 6016K, reserved 1056768K
  class space    used 379K, capacity 610K, committed 640K, reserved 1048576K
Heap Regions: E=young(eden), S=young(survivor), O=old, HS=humongous(starts), HC=humongous(continues), CS=collection set, F=free, A=archive, TAMS=top-at-mark-start (previous, next)
|   0|0x0000000700000000, 0x0000000700100000, 0x0000000700100000|100%|HS|  |TAMS 0x0000000700000000, 0x0000000700000000| Complete 
|   1|0x0000000700100000, 0x0000000700100000, 0x0000000700200000|  0%| F|  |TAMS 0x0000000700100000, 0x0000000700100000| Untracked 
|   2|0x0000000700200000, 0x0000000700200000, 0x0000000700300000|  0%| F|  |TAMS 0x0000000700200000, 0x0000000700200000| Untracked 
|   3|0x0000000700300000, 0x0000000700300000, 0x0000000700400000|  0%| F|  |TAMS 0x0000000700300000, 0x0000000700300000| Untracked 
|   4|0x0000000700400000, 0x0000000700400000, 0x0000000700500000|  0%| F|  |TAMS 0x0000000700400000, 0x0000000700400000| Untracked 
|   5|0x0000000700500000, 0x0000000700500000, 0x0000000700600000|  0%| F|  |TAMS 0x0000000700500000, 0x0000000700500000| Untracked 
|   6|0x0000000700600000, 0x0000000700600000, 0x0000000700700000|  0%| F|  |TAMS 0x0000000700600000, 0x0000000700600000| Untracked 
|   7|0x0000000700700000, 0x0000000700700000, 0x0000000700800000|  0%| F|  |TAMS 0x0000000700700000, 0x0000000700700000| Untracked 
|   8|0x0000000700800000, 0x0000000700800000, 0x0000000700900000|  0%| F|  |TAMS 0x0000000700800000, 0x0000000700800000| Untracked 
|   9|0x0000000700900000, 0x0000000700900000, 0x0000000700a00000|  0%| F|  |TAMS 0x0000000700900000, 0x0000000700900000| Untracked 
|  10|0x0000000700a00000, 0x0000000700a00000, 0x0000000700b00000|  0%| F|  |TAMS 0x0000000700a00000, 0x0000000700a00000| Untracked 
|  11|0x0000000700b00000, 0x0000000700b00000, 0x0000000700c00000|  0%| F|  |TAMS 0x0000000700b00000, 0x0000000700b00000| Untracked 
|  12|0x0000000700c00000, 0x0000000700c00000, 0x0000000700d00000|  0%| F|  |TAMS 0x0000000700c00000, 0x0000000700c00000| Untracked 
|  13|0x0000000700d00000, 0x0000000700d00000, 0x0000000700e00000|  0%| F|  |TAMS 0x0000000700d00000, 0x0000000700d00000| Untracked 
|  14|0x0000000700e00000, 0x0000000700e00000, 0x0000000700f00000|  0%| F|  |TAMS 0x0000000700e00000, 0x0000000700e00000| Untracked 
|  15|0x0000000700f00000, 0x0000000700f00000, 0x0000000701000000|  0%| F|  |TAMS 0x0000000700f00000, 0x0000000700f00000| Untracked 
|  16|0x0000000701000000, 0x0000000701000000, 0x0000000701100000|  0%| F|  |TAMS 0x0000000701000000, 0x0000000701000000| Untracked 
|  17|0x0000000701100000, 0x0000000701100000, 0x0000000701200000|  0%| F|  |TAMS 0x0000000701100000, 0x0000000701100000| Untracked 
|  18|0x0000000701200000, 0x0000000701200000, 0x0000000701300000|  0%| F|  |TAMS 0x0000000701200000, 0x0000000701200000| Untracked 
|  19|0x0000000701300000, 0x0000000701300000, 0x0000000701400000|  0%| F|  |TAMS 0x0000000701300000, 0x0000000701300000| Untracked 
|  20|0x0000000701400000, 0x0000000701400000, 0x0000000701500000|  0%| F|  |TAMS 0x0000000701400000, 0x0000000701400000| Untracked 
|  21|0x0000000701500000, 0x0000000701500000, 0x0000000701600000|  0%| F|  |TAMS 0x0000000701500000, 0x0000000701500000| Untracked 
|  22|0x0000000701600000, 0x0000000701600000, 0x0000000701700000|  0%| F|  |TAMS 0x0000000701600000, 0x0000000701600000| Untracked 
|  23|0x0000000701700000, 0x0000000701700000, 0x0000000701800000|  0%| F|  |TAMS 0x0000000701700000, 0x0000000701700000| Untracked 
|  24|0x0000000701800000, 0x0000000701800000, 0x0000000701900000|  0%| F|  |TAMS 0x0000000701800000, 0x0000000701800000| Untracked 
|  25|0x0000000701900000, 0x0000000701900000, 0x0000000701a00000|  0%| F|  |TAMS 0x0000000701900000, 0x0000000701900000| Untracked 
|  26|0x0000000701a00000, 0x0000000701a00000, 0x0000000701b00000|  0%| F|  |TAMS 0x0000000701a00000, 0x0000000701a00000| Untracked 
|  27|0x0000000701b00000, 0x0000000701b00000, 0x0000000701c00000|  0%| F|  |TAMS 0x0000000701b00000, 0x0000000701b00000| Untracked 
|  28|0x0000000701c00000, 0x0000000701c00000, 0x0000000701d00000|  0%| F|  |TAMS 0x0000000701c00000, 0x0000000701c00000| Untracked 
|  29|0x0000000701d00000, 0x0000000701d00000, 0x0000000701e00000|  0%| F|  |TAMS 0x0000000701d00000, 0x0000000701d00000| Untracked 
|  30|0x0000000701e00000, 0x0000000701e00000, 0x0000000701f00000|  0%| F|  |TAMS 0x0000000701e00000, 0x0000000701e00000| Untracked 
|  31|0x0000000701f00000, 0x0000000701f00000, 0x0000000702000000|  0%| F|  |TAMS 0x0000000701f00000, 0x0000000701f00000| Untracked 
|  32|0x0000000702000000, 0x0000000702000000, 0x0000000702100000|  0%| F|  |TAMS 0x0000000702000000, 0x0000000702000000| Untracked 
|  33|0x0000000702100000, 0x0000000702100000, 0x0000000702200000|  0%| F|  |TAMS 0x0000000702100000, 0x0000000702100000| Untracked 
|  34|0x0000000702200000, 0x0000000702200000, 0x0000000702300000|  0%| F|  |TAMS 0x0000000702200000, 0x0000000702200000| Untracked 
|  35|0x0000000702300000, 0x0000000702300000, 0x0000000702400000|  0%| F|  |TAMS 0x0000000702300000, 0x0000000702300000| Untracked 
|  36|0x0000000702400000, 0x0000000702400000, 0x0000000702500000|  0%| F|  |TAMS 0x0000000702400000, 0x0000000702400000| Untracked 
|  37|0x0000000702500000, 0x0000000702500000, 0x0000000702600000|  0%| F|  |TAMS 0x0000000702500000, 0x0000000702500000| Untracked 
|  38|0x0000000702600000, 0x0000000702600000, 0x0000000702700000|  0%| F|  |TAMS 0x0000000702600000, 0x0000000702600000| Untracked 
|  39|0x0000000702700000, 0x0000000702700000, 0x0000000702800000|  0%| F|  |TAMS 0x0000000702700000, 0x0000000702700000| Untracked 
|  40|0x0000000702800000, 0x0000000702800000, 0x0000000702900000|  0%| F|  |TAMS 0x0000000702800000, 0x0000000702800000| Untracked 
|  41|0x0000000702900000, 0x0000000702900000, 0x0000000702a00000|  0%| F|  |TAMS 0x0000000702900000, 0x0000000702900000| Untracked 
|  42|0x0000000702a00000, 0x0000000702a00000, 0x0000000702b00000|  0%| F|  |TAMS 0x0000000702a00000, 0x0000000702a00000| Untracked 
|  43|0x0000000702b00000, 0x0000000702b00000, 0x0000000702c00000|  0%| F|  |TAMS 0x0000000702b00000, 0x0000000702b00000| Untracked 
|  44|0x0000000702c00000, 0x0000000702c00000, 0x0000000702d00000|  0%| F|  |TAMS 0x0000000702c00000, 0x0000000702c00000| Untracked 
|  45|0x0000000702d00000, 0x0000000702d00000, 0x0000000702e00000|  0%| F|  |TAMS 0x0000000702d00000, 0x0000000702d00000| Untracked 
|  46|0x0000000702e00000, 0x0000000702e00000, 0x0000000702f00000|  0%| F|  |TAMS 0x0000000702e00000, 0x0000000702e00000| Untracked 
|  47|0x0000000702f00000, 0x0000000702f00000, 0x0000000703000000|  0%| F|  |TAMS 0x0000000702f00000, 0x0000000702f00000| Untracked 
|  48|0x0000000703000000, 0x0000000703000000, 0x0000000703100000|  0%| F|  |TAMS 0x0000000703000000, 0x0000000703000000| Untracked 
|  49|0x0000000703100000, 0x0000000703100000, 0x0000000703200000|  0%| F|  |TAMS 0x0000000703100000, 0x0000000703100000| Untracked 
|  50|0x0000000703200000, 0x0000000703200000, 0x0000000703300000|  0%| F|  |TAMS 0x0000000703200000, 0x0000000703200000| Untracked 
|  51|0x0000000703300000, 0x0000000703300000, 0x0000000703400000|  0%| F|  |TAMS 0x0000000703300000, 0x0000000703300000| Untracked 
|  52|0x0000000703400000, 0x0000000703400000, 0x0000000703500000|  0%| F|  |TAMS 0x0000000703400000, 0x0000000703400000| Untracked 
|  53|0x0000000703500000, 0x0000000703500000, 0x0000000703600000|  0%| F|  |TAMS 0x0000000703500000, 0x0000000703500000| Untracked 
|  54|0x0000000703600000, 0x0000000703600000, 0x0000000703700000|  0%| F|  |TAMS 0x0000000703600000, 0x0000000703600000| Untracked 
|  55|0x0000000703700000, 0x0000000703700000, 0x0000000703800000|  0%| F|  |TAMS 0x0000000703700000, 0x0000000703700000| Untracked 
|  56|0x0000000703800000, 0x0000000703800000, 0x0000000703900000|  0%| F|  |TAMS 0x0000000703800000, 0x0000000703800000| Untracked 
|  57|0x0000000703900000, 0x0000000703900000, 0x0000000703a00000|  0%| F|  |TAMS 0x0000000703900000, 0x0000000703900000| Untracked 
|  58|0x0000000703a00000, 0x0000000703a00000, 0x0000000703b00000|  0%| F|  |TAMS 0x0000000703a00000, 0x0000000703a00000| Untracked 
|  59|0x0000000703b00000, 0x0000000703b00000, 0x0000000703c00000|  0%| F|  |TAMS 0x0000000703b00000, 0x0000000703b00000| Untracked 
|  60|0x0000000703c00000, 0x0000000703c00000, 0x0000000703d00000|  0%| F|  |TAMS 0x0000000703c00000, 0x0000000703c00000| Untracked 
|  61|0x0000000703d00000, 0x0000000703d00000, 0x0000000703e00000|  0%| F|  |TAMS 0x0000000703d00000, 0x0000000703d00000| Untracked 
|  62|0x0000000703e00000, 0x0000000703e00000, 0x0000000703f00000|  0%| F|  |TAMS 0x0000000703e00000, 0x0000000703e00000| Untracked 
|  63|0x0000000703f00000, 0x0000000703f00000, 0x0000000704000000|  0%| F|  |TAMS 0x0000000703f00000, 0x0000000703f00000| Untracked 
|  64|0x0000000704000000, 0x0000000704000000, 0x0000000704100000|  0%| F|  |TAMS 0x0000000704000000, 0x0000000704000000| Untracked 
|  65|0x0000000704100000, 0x0000000704100000, 0x0000000704200000|  0%| F|  |TAMS 0x0000000704100000, 0x0000000704100000| Untracked 
|  66|0x0000000704200000, 0x0000000704200000, 0x0000000704300000|  0%| F|  |TAMS 0x0000000704200000, 0x0000000704200000| Untracked 
|  67|0x0000000704300000, 0x0000000704300000, 0x0000000704400000|  0%| F|  |TAMS 0x0000000704300000, 0x0000000704300000| Untracked 
|  68|0x0000000704400000, 0x0000000704400000, 0x0000000704500000|  0%| F|  |TAMS 0x0000000704400000, 0x0000000704400000| Untracked 
|  69|0x0000000704500000, 0x0000000704500000, 0x0000000704600000|  0%| F|  |TAMS 0x0000000704500000, 0x0000000704500000| Untracked 
|  70|0x0000000704600000, 0x0000000704600000, 0x0000000704700000|  0%| F|  |TAMS 0x0000000704600000, 0x0000000704600000| Untracked 
|  71|0x0000000704700000, 0x0000000704700000, 0x0000000704800000|  0%| F|  |TAMS 0x0000000704700000, 0x0000000704700000| Untracked 
|  72|0x0000000704800000, 0x0000000704800000, 0x0000000704900000|  0%| F|  |TAMS 0x0000000704800000, 0x0000000704800000| Untracked 
|  73|0x0000000704900000, 0x0000000704900000, 0x0000000704a00000|  0%| F|  |TAMS 0x0000000704900000, 0x0000000704900000| Untracked 
|  74|0x0000000704a00000, 0x0000000704a00000, 0x0000000704b00000|  0%| F|  |TAMS 0x0000000704a00000, 0x0000000704a00000| Untracked 
|  75|0x0000000704b00000, 0x0000000704b00000, 0x0000000704c00000|  0%| F|  |TAMS 0x0000000704b00000, 0x0000000704b00000| Untracked 
|  76|0x0000000704c00000, 0x0000000704c00000, 0x0000000704d00000|  0%| F|  |TAMS 0x0000000704c00000, 0x0000000704c00000| Untracked 
|  77|0x0000000704d00000, 0x0000000704d00000, 0x0000000704e00000|  0%| F|  |TAMS 0x0000000704d00000, 0x0000000704d00000| Untracked 
|  78|0x0000000704e00000, 0x0000000704e00000, 0x0000000704f00000|  0%| F|  |TAMS 0x0000000704e00000, 0x0000000704e00000| Untracked 
|  79|0x0000000704f00000, 0x0000000704f00000, 0x0000000705000000|  0%| F|  |TAMS 0x0000000704f00000, 0x0000000704f00000| Untracked 
|  80|0x0000000705000000, 0x0000000705000000, 0x0000000705100000|  0%| F|  |TAMS 0x0000000705000000, 0x0000000705000000| Untracked 
|  81|0x0000000705100000, 0x0000000705100000, 0x0000000705200000|  0%| F|  |TAMS 0x0000000705100000, 0x0000000705100000| Untracked 
|  82|0x0000000705200000, 0x0000000705200000, 0x0000000705300000|  0%| F|  |TAMS 0x0000000705200000, 0x0000000705200000| Untracked 
|  83|0x0000000705300000, 0x0000000705300000, 0x0000000705400000|  0%| F|  |TAMS 0x0000000705300000, 0x0000000705300000| Untracked 
|  84|0x0000000705400000, 0x0000000705400000, 0x0000000705500000|  0%| F|  |TAMS 0x0000000705400000, 0x0000000705400000| Untracked 
|  85|0x0000000705500000, 0x0000000705500000, 0x0000000705600000|  0%| F|  |TAMS 0x0000000705500000, 0x0000000705500000| Untracked 
|  86|0x0000000705600000, 0x0000000705600000, 0x0000000705700000|  0%| F|  |TAMS 0x0000000705600000, 0x0000000705600000| Untracked 
|  87|0x0000000705700000, 0x0000000705700000, 0x0000000705800000|  0%| F|  |TAMS 0x0000000705700000, 0x0000000705700000| Untracked 
|  88|0x0000000705800000, 0x0000000705800000, 0x0000000705900000|  0%| F|  |TAMS 0x0000000705800000, 0x0000000705800000| Untracked 
|  89|0x0000000705900000, 0x0000000705900000, 0x0000000705a00000|  0%| F|  |TAMS 0x0000000705900000, 0x0000000705900000| Untracked 
|  90|0x0000000705a00000, 0x0000000705a00000, 0x0000000705b00000|  0%| F|  |TAMS 0x0000000705a00000, 0x0000000705a00000| Untracked 
|  91|0x0000000705b00000, 0x0000000705b00000, 0x0000000705c00000|  0%| F|  |TAMS 0x0000000705b00000, 0x0000000705b00000| Untracked 
|  92|0x0000000705c00000, 0x0000000705c00000, 0x0000000705d00000|  0%| F|  |TAMS 0x0000000705c00000, 0x0000000705c00000| Untracked 
|  93|0x0000000705d00000, 0x0000000705d00000, 0x0000000705e00000|  0%| F|  |TAMS 0x0000000705d00000, 0x0000000705d00000| Untracked 
|  94|0x0000000705e00000, 0x0000000705e00000, 0x0000000705f00000|  0%| F|  |TAMS 0x0000000705e00000, 0x0000000705e00000| Untracked 
|  95|0x0000000705f00000, 0x0000000705f00000, 0x0000000706000000|  0%| F|  |TAMS 0x0000000705f00000, 0x0000000705f00000| Untracked 
|  96|0x0000000706000000, 0x0000000706000000, 0x0000000706100000|  0%| F|  |TAMS 0x0000000706000000, 0x0000000706000000| Untracked 
|  97|0x0000000706100000, 0x0000000706100000, 0x0000000706200000|  0%| F|  |TAMS 0x0000000706100000, 0x0000000706100000| Untracked 
|  98|0x0000000706200000, 0x0000000706200000, 0x0000000706300000|  0%| F|  |TAMS 0x0000000706200000, 0x0000000706200000| Untracked 
|  99|0x0000000706300000, 0x0000000706300000, 0x0000000706400000|  0%| F|  |TAMS 0x0000000706300000, 0x0000000706300000| Untracked 
| 100|0x0000000706400000, 0x0000000706400000, 0x0000000706500000|  0%| F|  |TAMS 0x0000000706400000, 0x0000000706400000| Untracked 
| 101|0x0000000706500000, 0x0000000706500000, 0x0000000706600000|  0%| F|  |TAMS 0x0000000706500000, 0x0000000706500000| Untracked 
| 102|0x0000000706600000, 0x0000000706600000, 0x0000000706700000|  0%| F|  |TAMS 0x0000000706600000, 0x0000000706600000| Untracked 
| 103|0x0000000706700000, 0x0000000706700000, 0x0000000706800000|  0%| F|  |TAMS 0x0000000706700000, 0x0000000706700000| Untracked 
| 104|0x0000000706800000, 0x0000000706800000, 0x0000000706900000|  0%| F|  |TAMS 0x0000000706800000, 0x0000000706800000| Untracked 
| 105|0x0000000706900000, 0x0000000706900000, 0x0000000706a00000|  0%| F|  |TAMS 0x0000000706900000, 0x0000000706900000| Untracked 
| 106|0x0000000706a00000, 0x0000000706a00000, 0x0000000706b00000|  0%| F|  |TAMS 0x0000000706a00000, 0x0000000706a00000| Untracked 
| 107|0x0000000706b00000, 0x0000000706b00000, 0x0000000706c00000|  0%| F|  |TAMS 0x0000000706b00000, 0x0000000706b00000| Untracked 
| 108|0x0000000706c00000, 0x0000000706c00000, 0x0000000706d00000|  0%| F|  |TAMS 0x0000000706c00000, 0x0000000706c00000| Untracked 
| 109|0x0000000706d00000, 0x0000000706d00000, 0x0000000706e00000|  0%| F|  |TAMS 0x0000000706d00000, 0x0000000706d00000| Untracked 
| 110|0x0000000706e00000, 0x0000000706e00000, 0x0000000706f00000|  0%| F|  |TAMS 0x0000000706e00000, 0x0000000706e00000| Untracked 
| 111|0x0000000706f00000, 0x0000000706f00000, 0x0000000707000000|  0%| F|  |TAMS 0x0000000706f00000, 0x0000000706f00000| Untracked 
| 112|0x0000000707000000, 0x0000000707000000, 0x0000000707100000|  0%| F|  |TAMS 0x0000000707000000, 0x0000000707000000| Untracked 
| 113|0x0000000707100000, 0x0000000707100000, 0x0000000707200000|  0%| F|  |TAMS 0x0000000707100000, 0x0000000707100000| Untracked 
| 114|0x0000000707200000, 0x0000000707200000, 0x0000000707300000|  0%| F|  |TAMS 0x0000000707200000, 0x0000000707200000| Untracked 
| 115|0x0000000707300000, 0x0000000707300000, 0x0000000707400000|  0%| F|  |TAMS 0x0000000707300000, 0x0000000707300000| Untracked 
| 116|0x0000000707400000, 0x0000000707400000, 0x0000000707500000|  0%| F|  |TAMS 0x0000000707400000, 0x0000000707400000| Untracked 
| 117|0x0000000707500000, 0x0000000707500000, 0x0000000707600000|  0%| F|  |TAMS 0x0000000707500000, 0x0000000707500000| Untracked 
| 118|0x0000000707600000, 0x0000000707600000, 0x0000000707700000|  0%| F|  |TAMS 0x0000000707600000, 0x0000000707600000| Untracked 
| 119|0x0000000707700000, 0x0000000707700000, 0x0000000707800000|  0%| F|  |TAMS 0x0000000707700000, 0x0000000707700000| Untracked 
| 120|0x0000000707800000, 0x0000000707800000, 0x0000000707900000|  0%| F|  |TAMS 0x0000000707800000, 0x0000000707800000| Untracked 
| 121|0x0000000707900000, 0x0000000707900000, 0x0000000707a00000|  0%| F|  |TAMS 0x0000000707900000, 0x0000000707900000| Untracked 
| 122|0x0000000707a00000, 0x0000000707a00000, 0x0000000707b00000|  0%| F|  |TAMS 0x0000000707a00000, 0x0000000707a00000| Untracked 
| 123|0x0000000707b00000, 0x0000000707b00000, 0x0000000707c00000|  0%| F|  |TAMS 0x0000000707b00000, 0x0000000707b00000| Untracked 
| 124|0x0000000707c00000, 0x0000000707c00000, 0x0000000707d00000|  0%| F|  |TAMS 0x0000000707c00000, 0x0000000707c00000| Untracked 
| 125|0x0000000707d00000, 0x0000000707d00000, 0x0000000707e00000|  0%| F|  |TAMS 0x0000000707d00000, 0x0000000707d00000| Untracked 
| 126|0x0000000707e00000, 0x0000000707e00000, 0x0000000707f00000|  0%| F|  |TAMS 0x0000000707e00000, 0x0000000707e00000| Untracked 
| 127|0x0000000707f00000, 0x0000000707f00000, 0x0000000708000000|  0%| F|  |TAMS 0x0000000707f00000, 0x0000000707f00000| Untracked 
| 128|0x0000000708000000, 0x0000000708000000, 0x0000000708100000|  0%| F|  |TAMS 0x0000000708000000, 0x0000000708000000| Untracked 
| 129|0x0000000708100000, 0x0000000708100000, 0x0000000708200000|  0%| F|  |TAMS 0x0000000708100000, 0x0000000708100000| Untracked 
| 130|0x0000000708200000, 0x0000000708200000, 0x0000000708300000|  0%| F|  |TAMS 0x0000000708200000, 0x0000000708200000| Untracked 
| 131|0x0000000708300000, 0x0000000708300000, 0x0000000708400000|  0%| F|  |TAMS 0x0000000708300000, 0x0000000708300000| Untracked 
| 132|0x0000000708400000, 0x0000000708400000, 0x0000000708500000|  0%| F|  |TAMS 0x0000000708400000, 0x0000000708400000| Untracked 
| 133|0x0000000708500000, 0x0000000708500000, 0x0000000708600000|  0%| F|  |TAMS 0x0000000708500000, 0x0000000708500000| Untracked 
| 134|0x0000000708600000, 0x0000000708600000, 0x0000000708700000|  0%| F|  |TAMS 0x0000000708600000, 0x0000000708600000| Untracked 
| 135|0x0000000708700000, 0x0000000708700000, 0x0000000708800000|  0%| F|  |TAMS 0x0000000708700000, 0x0000000708700000| Untracked 
| 136|0x0000000708800000, 0x0000000708800000, 0x0000000708900000|  0%| F|  |TAMS 0x0000000708800000, 0x0000000708800000| Untracked 
| 137|0x0000000708900000, 0x0000000708900000, 0x0000000708a00000|  0%| F|  |TAMS 0x0000000708900000, 0x0000000708900000| Untracked 
| 138|0x0000000708a00000, 0x0000000708a00000, 0x0000000708b00000|  0%| F|  |TAMS 0x0000000708a00000, 0x0000000708a00000| Untracked 
| 139|0x0000000708b00000, 0x0000000708b00000, 0x0000000708c00000|  0%| F|  |TAMS 0x0000000708b00000, 0x0000000708b00000| Untracked 
| 140|0x0000000708c00000, 0x0000000708c00000, 0x0000000708d00000|  0%| F|  |TAMS 0x0000000708c00000, 0x0000000708c00000| Untracked 
| 141|0x0000000708d00000, 0x0000000708d00000, 0x0000000708e00000|  0%| F|  |TAMS 0x0000000708d00000, 0x0000000708d00000| Untracked 
| 142|0x0000000708e00000, 0x0000000708e00000, 0x0000000708f00000|  0%| F|  |TAMS 0x0000000708e00000, 0x0000000708e00000| Untracked 
| 143|0x0000000708f00000, 0x0000000708f00000, 0x0000000709000000|  0%| F|  |TAMS 0x0000000708f00000, 0x0000000708f00000| Untracked 
| 144|0x0000000709000000, 0x0000000709000000, 0x0000000709100000|  0%| F|  |TAMS 0x0000000709000000, 0x0000000709000000| Untracked 
| 145|0x0000000709100000, 0x0000000709100000, 0x0000000709200000|  0%| F|  |TAMS 0x0000000709100000, 0x0000000709100000| Untracked 
| 146|0x0000000709200000, 0x0000000709200000, 0x0000000709300000|  0%| F|  |TAMS 0x0000000709200000, 0x0000000709200000| Untracked 
| 147|0x0000000709300000, 0x0000000709300000, 0x0000000709400000|  0%| F|  |TAMS 0x0000000709300000, 0x0000000709300000| Untracked 
| 148|0x0000000709400000, 0x0000000709400000, 0x0000000709500000|  0%| F|  |TAMS 0x0000000709400000, 0x0000000709400000| Untracked 
| 149|0x0000000709500000, 0x0000000709500000, 0x0000000709600000|  0%| F|  |TAMS 0x0000000709500000, 0x0000000709500000| Untracked 
| 150|0x0000000709600000, 0x0000000709600000, 0x0000000709700000|  0%| F|  |TAMS 0x0000000709600000, 0x0000000709600000| Untracked 
| 151|0x0000000709700000, 0x0000000709700000, 0x0000000709800000|  0%| F|  |TAMS 0x0000000709700000, 0x0000000709700000| Untracked 
| 152|0x0000000709800000, 0x0000000709800000, 0x0000000709900000|  0%| F|  |TAMS 0x0000000709800000, 0x0000000709800000| Untracked 
| 153|0x0000000709900000, 0x0000000709900000, 0x0000000709a00000|  0%| F|  |TAMS 0x0000000709900000, 0x0000000709900000| Untracked 
| 154|0x0000000709a00000, 0x0000000709a00000, 0x0000000709b00000|  0%| F|  |TAMS 0x0000000709a00000, 0x0000000709a00000| Untracked 
| 155|0x0000000709b00000, 0x0000000709b00000, 0x0000000709c00000|  0%| F|  |TAMS 0x0000000709b00000, 0x0000000709b00000| Untracked 
| 156|0x0000000709c00000, 0x0000000709c00000, 0x0000000709d00000|  0%| F|  |TAMS 0x0000000709c00000, 0x0000000709c00000| Untracked 
| 157|0x0000000709d00000, 0x0000000709d00000, 0x0000000709e00000|  0%| F|  |TAMS 0x0000000709d00000, 0x0000000709d00000| Untracked 
| 158|0x0000000709e00000, 0x0000000709e00000, 0x0000000709f00000|  0%| F|  |TAMS 0x0000000709e00000, 0x0000000709e00000| Untracked 
| 159|0x0000000709f00000, 0x0000000709f00000, 0x000000070a000000|  0%| F|  |TAMS 0x0000000709f00000, 0x0000000709f00000| Untracked 
| 160|0x000000070a000000, 0x000000070a000000, 0x000000070a100000|  0%| F|  |TAMS 0x000000070a000000, 0x000000070a000000| Untracked 
| 161|0x000000070a100000, 0x000000070a100000, 0x000000070a200000|  0%| F|  |TAMS 0x000000070a100000, 0x000000070a100000| Untracked 
| 162|0x000000070a200000, 0x000000070a200000, 0x000000070a300000|  0%| F|  |TAMS 0x000000070a200000, 0x000000070a200000| Untracked 
| 163|0x000000070a300000, 0x000000070a300000, 0x000000070a400000|  0%| F|  |TAMS 0x000000070a300000, 0x000000070a300000| Untracked 
| 164|0x000000070a400000, 0x000000070a400000, 0x000000070a500000|  0%| F|  |TAMS 0x000000070a400000, 0x000000070a400000| Untracked 
| 165|0x000000070a500000, 0x000000070a500000, 0x000000070a600000|  0%| F|  |TAMS 0x000000070a500000, 0x000000070a500000| Untracked 
| 166|0x000000070a600000, 0x000000070a600000, 0x000000070a700000|  0%| F|  |TAMS 0x000000070a600000, 0x000000070a600000| Untracked 
| 167|0x000000070a700000, 0x000000070a700000, 0x000000070a800000|  0%| F|  |TAMS 0x000000070a700000, 0x000000070a700000| Untracked 
| 168|0x000000070a800000, 0x000000070a800000, 0x000000070a900000|  0%| F|  |TAMS 0x000000070a800000, 0x000000070a800000| Untracked 
| 169|0x000000070a900000, 0x000000070a900000, 0x000000070aa00000|  0%| F|  |TAMS 0x000000070a900000, 0x000000070a900000| Untracked 
| 170|0x000000070aa00000, 0x000000070aa00000, 0x000000070ab00000|  0%| F|  |TAMS 0x000000070aa00000, 0x000000070aa00000| Untracked 
| 171|0x000000070ab00000, 0x000000070ab00000, 0x000000070ac00000|  0%| F|  |TAMS 0x000000070ab00000, 0x000000070ab00000| Untracked 
| 172|0x000000070ac00000, 0x000000070ac00000, 0x000000070ad00000|  0%| F|  |TAMS 0x000000070ac00000, 0x000000070ac00000| Untracked 
| 173|0x000000070ad00000, 0x000000070ad00000, 0x000000070ae00000|  0%| F|  |TAMS 0x000000070ad00000, 0x000000070ad00000| Untracked 
| 174|0x000000070ae00000, 0x000000070ae00000, 0x000000070af00000|  0%| F|  |TAMS 0x000000070ae00000, 0x000000070ae00000| Untracked 
| 175|0x000000070af00000, 0x000000070af00000, 0x000000070b000000|  0%| F|  |TAMS 0x000000070af00000, 0x000000070af00000| Untracked 
| 176|0x000000070b000000, 0x000000070b000000, 0x000000070b100000|  0%| F|  |TAMS 0x000000070b000000, 0x000000070b000000| Untracked 
| 177|0x000000070b100000, 0x000000070b100000, 0x000000070b200000|  0%| F|  |TAMS 0x000000070b100000, 0x000000070b100000| Untracked 
| 178|0x000000070b200000, 0x000000070b200000, 0x000000070b300000|  0%| F|  |TAMS 0x000000070b200000, 0x000000070b200000| Untracked 
| 179|0x000000070b300000, 0x000000070b300000, 0x000000070b400000|  0%| F|  |TAMS 0x000000070b300000, 0x000000070b300000| Untracked 
| 180|0x000000070b400000, 0x000000070b400000, 0x000000070b500000|  0%| F|  |TAMS 0x000000070b400000, 0x000000070b400000| Untracked 
| 181|0x000000070b500000, 0x000000070b500000, 0x000000070b600000|  0%| F|  |TAMS 0x000000070b500000, 0x000000070b500000| Untracked 
| 182|0x000000070b600000, 0x000000070b600000, 0x000000070b700000|  0%| F|  |TAMS 0x000000070b600000, 0x000000070b600000| Untracked 
| 183|0x000000070b700000, 0x000000070b700000, 0x000000070b800000|  0%| F|  |TAMS 0x000000070b700000, 0x000000070b700000| Untracked 
| 184|0x000000070b800000, 0x000000070b800000, 0x000000070b900000|  0%| F|  |TAMS 0x000000070b800000, 0x000000070b800000| Untracked 
| 185|0x000000070b900000, 0x000000070b900000, 0x000000070ba00000|  0%| F|  |TAMS 0x000000070b900000, 0x000000070b900000| Untracked 
| 186|0x000000070ba00000, 0x000000070ba00000, 0x000000070bb00000|  0%| F|  |TAMS 0x000000070ba00000, 0x000000070ba00000| Untracked 
| 187|0x000000070bb00000, 0x000000070bb00000, 0x000000070bc00000|  0%| F|  |TAMS 0x000000070bb00000, 0x000000070bb00000| Untracked 
| 188|0x000000070bc00000, 0x000000070bc00000, 0x000000070bd00000|  0%| F|  |TAMS 0x000000070bc00000, 0x000000070bc00000| Untracked 
| 189|0x000000070bd00000, 0x000000070bd00000, 0x000000070be00000|  0%| F|  |TAMS 0x000000070bd00000, 0x000000070bd00000| Untracked 
| 190|0x000000070be00000, 0x000000070be00000, 0x000000070bf00000|  0%| F|  |TAMS 0x000000070be00000, 0x000000070be00000| Untracked 
| 191|0x000000070bf00000, 0x000000070bf00000, 0x000000070c000000|  0%| F|  |TAMS 0x000000070bf00000, 0x000000070bf00000| Untracked 
| 192|0x000000070c000000, 0x000000070c000000, 0x000000070c100000|  0%| F|  |TAMS 0x000000070c000000, 0x000000070c000000| Untracked 
| 193|0x000000070c100000, 0x000000070c100000, 0x000000070c200000|  0%| F|  |TAMS 0x000000070c100000, 0x000000070c100000| Untracked 
| 194|0x000000070c200000, 0x000000070c200000, 0x000000070c300000|  0%| F|  |TAMS 0x000000070c200000, 0x000000070c200000| Untracked 
| 195|0x000000070c300000, 0x000000070c300000, 0x000000070c400000|  0%| F|  |TAMS 0x000000070c300000, 0x000000070c300000| Untracked 
| 196|0x000000070c400000, 0x000000070c400000, 0x000000070c500000|  0%| F|  |TAMS 0x000000070c400000, 0x000000070c400000| Untracked 
| 197|0x000000070c500000, 0x000000070c500000, 0x000000070c600000|  0%| F|  |TAMS 0x000000070c500000, 0x000000070c500000| Untracked 
| 198|0x000000070c600000, 0x000000070c600000, 0x000000070c700000|  0%| F|  |TAMS 0x000000070c600000, 0x000000070c600000| Untracked 
| 199|0x000000070c700000, 0x000000070c700000, 0x000000070c800000|  0%| F|  |TAMS 0x000000070c700000, 0x000000070c700000| Untracked 
| 200|0x000000070c800000, 0x000000070c800000, 0x000000070c900000|  0%| F|  |TAMS 0x000000070c800000, 0x000000070c800000| Untracked 
| 201|0x000000070c900000, 0x000000070c900000, 0x000000070ca00000|  0%| F|  |TAMS 0x000000070c900000, 0x000000070c900000| Untracked 
| 202|0x000000070ca00000, 0x000000070ca00000, 0x000000070cb00000|  0%| F|  |TAMS 0x000000070ca00000, 0x000000070ca00000| Untracked 
| 203|0x000000070cb00000, 0x000000070cb00000, 0x000000070cc00000|  0%| F|  |TAMS 0x000000070cb00000, 0x000000070cb00000| Untracked 
| 204|0x000000070cc00000, 0x000000070cc00000, 0x000000070cd00000|  0%| F|  |TAMS 0x000000070cc00000, 0x000000070cc00000| Untracked 
| 205|0x000000070cd00000, 0x000000070cd00000, 0x000000070ce00000|  0%| F|  |TAMS 0x000000070cd00000, 0x000000070cd00000| Untracked 
| 206|0x000000070ce00000, 0x000000070ce00000, 0x000000070cf00000|  0%| F|  |TAMS 0x000000070ce00000, 0x000000070ce00000| Untracked 
| 207|0x000000070cf00000, 0x000000070cf00000, 0x000000070d000000|  0%| F|  |TAMS 0x000000070cf00000, 0x000000070cf00000| Untracked 
| 208|0x000000070d000000, 0x000000070d000000, 0x000000070d100000|  0%| F|  |TAMS 0x000000070d000000, 0x000000070d000000| Untracked 
| 209|0x000000070d100000, 0x000000070d100000, 0x000000070d200000|  0%| F|  |TAMS 0x000000070d100000, 0x000000070d100000| Untracked 
| 210|0x000000070d200000, 0x000000070d200000, 0x000000070d300000|  0%| F|  |TAMS 0x000000070d200000, 0x000000070d200000| Untracked 
| 211|0x000000070d300000, 0x000000070d300000, 0x000000070d400000|  0%| F|  |TAMS 0x000000070d300000, 0x000000070d300000| Untracked 
| 212|0x000000070d400000, 0x000000070d400000, 0x000000070d500000|  0%| F|  |TAMS 0x000000070d400000, 0x000000070d400000| Untracked 
| 213|0x000000070d500000, 0x000000070d500000, 0x000000070d600000|  0%| F|  |TAMS 0x000000070d500000, 0x000000070d500000| Untracked 
| 214|0x000000070d600000, 0x000000070d600000, 0x000000070d700000|  0%| F|  |TAMS 0x000000070d600000, 0x000000070d600000| Untracked 
| 215|0x000000070d700000, 0x000000070d700000, 0x000000070d800000|  0%| F|  |TAMS 0x000000070d700000, 0x000000070d700000| Untracked 
| 216|0x000000070d800000, 0x000000070d800000, 0x000000070d900000|  0%| F|  |TAMS 0x000000070d800000, 0x000000070d800000| Untracked 
| 217|0x000000070d900000, 0x000000070d900000, 0x000000070da00000|  0%| F|  |TAMS 0x000000070d900000, 0x000000070d900000| Untracked 
| 218|0x000000070da00000, 0x000000070da00000, 0x000000070db00000|  0%| F|  |TAMS 0x000000070da00000, 0x000000070da00000| Untracked 
| 219|0x000000070db00000, 0x000000070db00000, 0x000000070dc00000|  0%| F|  |TAMS 0x000000070db00000, 0x000000070db00000| Untracked 
| 220|0x000000070dc00000, 0x000000070dc00000, 0x000000070dd00000|  0%| F|  |TAMS 0x000000070dc00000, 0x000000070dc00000| Untracked 
| 221|0x000000070dd00000, 0x000000070dd00000, 0x000000070de00000|  0%| F|  |TAMS 0x000000070dd00000, 0x000000070dd00000| Untracked 
| 222|0x000000070de00000, 0x000000070de00000, 0x000000070df00000|  0%| F|  |TAMS 0x000000070de00000, 0x000000070de00000| Untracked 
| 223|0x000000070df00000, 0x000000070df00000, 0x000000070e000000|  0%| F|  |TAMS 0x000000070df00000, 0x000000070df00000| Untracked 
| 224|0x000000070e000000, 0x000000070e000000, 0x000000070e100000|  0%| F|  |TAMS 0x000000070e000000, 0x000000070e000000| Untracked 
| 225|0x000000070e100000, 0x000000070e100000, 0x000000070e200000|  0%| F|  |TAMS 0x000000070e100000, 0x000000070e100000| Untracked 
| 226|0x000000070e200000, 0x000000070e200000, 0x000000070e300000|  0%| F|  |TAMS 0x000000070e200000, 0x000000070e200000| Untracked 
| 227|0x000000070e300000, 0x000000070e400000, 0x000000070e400000|100%| E|  |TAMS 0x000000070e300000, 0x000000070e300000| Complete 
| 228|0x000000070e400000, 0x000000070e500000, 0x000000070e500000|100%| E|CS|TAMS 0x000000070e400000, 0x000000070e400000| Complete 
| 229|0x000000070e500000, 0x000000070e600000, 0x000000070e600000|100%| E|CS|TAMS 0x000000070e500000, 0x000000070e500000| Complete 
| 230|0x000000070e600000, 0x000000070e677420, 0x000000070e700000| 46%| S|CS|TAMS 0x000000070e600000, 0x000000070e600000| Complete 
| 231|0x000000070e700000, 0x000000070e800000, 0x000000070e800000|100%| S|CS|TAMS 0x000000070e700000, 0x000000070e700000| Complete 
| 232|0x000000070e800000, 0x000000070e900000, 0x000000070e900000|100%| E|CS|TAMS 0x000000070e800000, 0x000000070e800000| Complete 
| 233|0x000000070e900000, 0x000000070ea00000, 0x000000070ea00000|100%| E|CS|TAMS 0x000000070e900000, 0x000000070e900000| Complete 
| 234|0x000000070ea00000, 0x000000070eb00000, 0x000000070eb00000|100%| E|CS|TAMS 0x000000070ea00000, 0x000000070ea00000| Complete 
| 235|0x000000070eb00000, 0x000000070ec00000, 0x000000070ec00000|100%| E|CS|TAMS 0x000000070eb00000, 0x000000070eb00000| Complete 
| 236|0x000000070ec00000, 0x000000070ed00000, 0x000000070ed00000|100%| E|CS|TAMS 0x000000070ec00000, 0x000000070ec00000| Complete 
| 237|0x000000070ed00000, 0x000000070ee00000, 0x000000070ee00000|100%| E|CS|TAMS 0x000000070ed00000, 0x000000070ed00000| Complete 
| 238|0x000000070ee00000, 0x000000070ef00000, 0x000000070ef00000|100%| E|CS|TAMS 0x000000070ee00000, 0x000000070ee00000| Complete 
| 239|0x000000070ef00000, 0x000000070f000000, 0x000000070f000000|100%| E|CS|TAMS 0x000000070ef00000, 0x000000070ef00000| Complete 
| 240|0x000000070f000000, 0x000000070f100000, 0x000000070f100000|100%| E|CS|TAMS 0x000000070f000000, 0x000000070f000000| Complete 
| 241|0x000000070f100000, 0x000000070f200000, 0x000000070f200000|100%| E|CS|TAMS 0x000000070f100000, 0x000000070f100000| Complete 
| 242|0x000000070f200000, 0x000000070f300000, 0x000000070f300000|100%| E|CS|TAMS 0x000000070f200000, 0x000000070f200000| Complete 
| 243|0x000000070f300000, 0x000000070f400000, 0x000000070f400000|100%| E|CS|TAMS 0x000000070f300000, 0x000000070f300000| Complete 
| 244|0x000000070f400000, 0x000000070f500000, 0x000000070f500000|100%| E|CS|TAMS 0x000000070f400000, 0x000000070f400000| Complete 
| 245|0x000000070f500000, 0x000000070f600000, 0x000000070f600000|100%| E|CS|TAMS 0x000000070f500000, 0x000000070f500000| Complete 
| 246|0x000000070f600000, 0x000000070f700000, 0x000000070f700000|100%| E|CS|TAMS 0x000000070f600000, 0x000000070f600000| Complete 
| 247|0x000000070f700000, 0x000000070f800000, 0x000000070f800000|100%| E|CS|TAMS 0x000000070f700000, 0x000000070f700000| Complete 
| 248|0x000000070f800000, 0x000000070f900000, 0x000000070f900000|100%| E|CS|TAMS 0x000000070f800000, 0x000000070f800000| Complete 
| 249|0x000000070f900000, 0x000000070fa00000, 0x000000070fa00000|100%| E|CS|TAMS 0x000000070f900000, 0x000000070f900000| Complete 
| 250|0x000000070fa00000, 0x000000070fb00000, 0x000000070fb00000|100%| E|CS|TAMS 0x000000070fa00000, 0x000000070fa00000| Complete 
| 251|0x000000070fb00000, 0x000000070fc00000, 0x000000070fc00000|100%| E|CS|TAMS 0x000000070fb00000, 0x000000070fb00000| Complete 
| 252|0x000000070fc00000, 0x000000070fd00000, 0x000000070fd00000|100%| E|CS|TAMS 0x000000070fc00000, 0x000000070fc00000| Complete 
| 253|0x000000070fd00000, 0x000000070fe00000, 0x000000070fe00000|100%| E|CS|TAMS 0x000000070fd00000, 0x000000070fd00000| Complete 
| 254|0x000000070fe00000, 0x000000070ff00000, 0x000000070ff00000|100%| E|CS|TAMS 0x000000070fe00000, 0x000000070fe00000| Complete 
| 255|0x000000070ff00000, 0x0000000710000000, 0x0000000710000000|100%| E|CS|TAMS 0x000000070ff00000, 0x000000070ff00000| Complete 
|3070|0x00000007bfe00000, 0x00000007bfe48000, 0x00000007bff00000| 28%|OA|  |TAMS 0x00000007bfe00000, 0x00000007bfe00000| Untracked 
|3071|0x00000007bff00000, 0x00000007bff78000, 0x00000007c0000000| 46%|CA|  |TAMS 0x00000007bff00000, 0x00000007bff00000| Untracked 

Card table byte_map: [0x0000000115d44000,0x0000000116544000] _byte_map_base: 0x0000000112544000

Marking Bits (Prev, Next): (CMBitMap*) 0x00007fe982040a18, (CMBitMap*) 0x00007fe982040a58
 Prev Bits: [0x0000000125e45000, 0x0000000129e45000)
 Next Bits: [0x0000000129e45000, 0x000000012de45000)

Polling page: 0x000000010a359000

Metaspace:

Usage:
  Non-class:      5.04 MB capacity,     3.03 MB ( 60%) used,     2.00 MB ( 40%) free+waste,    11.62 KB ( <1%) overhead. 
      Class:    610.00 KB capacity,   379.90 KB ( 62%) used,   223.91 KB ( 37%) free+waste,     6.19 KB (  1%) overhead. 
       Both:      5.63 MB capacity,     3.40 MB ( 60%) used,     2.21 MB ( 39%) free+waste,    17.81 KB ( <1%) overhead. 

Virtual space:
  Non-class space:        8.00 MB reserved,       5.25 MB ( 66%) committed 
      Class space:        1.00 GB reserved,     640.00 KB ( <1%) committed 
             Both:        1.01 GB reserved,       5.88 MB ( <1%) committed 

Chunk freelists:
   Non-Class:  32.00 KB
       Class:  6.00 KB
        Both:  38.00 KB

MaxMetaspaceSize: unlimited
CompressedClassSpaceSize: 1.00 GB

CodeHeap 'non-profiled nmethods': size=120032Kb used=260Kb max_used=260Kb free=119771Kb
 bounds [0x000000011e90d000, 0x000000011eb7d000, 0x0000000125e45000]
CodeHeap 'profiled nmethods': size=120028Kb used=927Kb max_used=927Kb free=119100Kb
 bounds [0x00000001173d6000, 0x0000000117646000, 0x000000011e90d000]
CodeHeap 'non-nmethods': size=5700Kb used=1224Kb max_used=1247Kb free=4475Kb
 bounds [0x0000000116e45000, 0x00000001170b5000, 0x00000001173d6000]
 total_blobs=1239 nmethods=640 adapters=314
 compilation: enabled
              stopped_count=0, restarted_count=0
 full_count=0

Compilation events (20 events):
Event: 1.689 Thread 0x00007fe9820a2800  633       4       java.lang.invoke.VarHandleGuards::guard_LII_Z (70 bytes)
Event: 1.690 Thread 0x00007fe98101f800 nmethod 623 0x000000011e94b610 code [0x000000011e94b7c0, 0x000000011e94bb68]
Event: 1.690 Thread 0x00007fe98101f800  634       4       java.lang.Class::cast (27 bytes)
Event: 1.691 Thread 0x00007fe9820a2800 nmethod 633 0x000000011e94bd90 code [0x000000011e94bf40, 0x000000011e94c128]
Event: 1.691 Thread 0x00007fe98101f800 nmethod 634 0x000000011e94c390 code [0x000000011e94c520, 0x000000011e94c638]
Event: 1.691 Thread 0x00007fe9820a2800  626       4       java.lang.Continuation::compareAndSetMounted (12 bytes)
Event: 1.691 Thread 0x00007fe98101f800  627       4       java.lang.invoke.VarHandleBooleans$FieldInstanceReadWrite::compareAndSet (24 bytes)
Event: 1.691 Thread 0x00007fe9820a2800 nmethod 626 0x000000011e94c710 code [0x000000011e94c8a0, 0x000000011e94c938]
Event: 1.691 Thread 0x00007fe9820a2800  625       4       java.lang.Continuation::mount (20 bytes)
Event: 1.692 Thread 0x00007fe98101f800 nmethod 627 0x000000011e94ca10 code [0x000000011e94cba0, 0x000000011e94ccd8]
Event: 1.692 Thread 0x00007fe98101f800  635   !   4       java.lang.Continuation::run (713 bytes)
Event: 1.692 Thread 0x00007fe9820a2800 nmethod 625 0x000000011e94ce10 code [0x000000011e94cfa0, 0x000000011e94d038]
Event: 1.705 Thread 0x00007fe98101f800 nmethod 635 0x000000011e94d110 code [0x000000011e94d320, 0x000000011e94de30]
Event: 1.910 Thread 0x00007fe98100b800  636       3       org.jetbrains.loom.generators.SieveBenchmark::loomSieve (23 bytes)
Event: 1.910 Thread 0x00007fe98100b800 nmethod 636 0x00000001174bb810 code [0x00000001174bbaa0, 0x00000001174bc628]
Event: 1.910 Thread 0x00007fe98100b800  637       3       org.jetbrains.loom.generators.LoomSieveKt::loomPrimes (10 bytes)
Event: 1.910 Thread 0x00007fe98100b800 nmethod 637 0x00000001174bc990 code [0x00000001174bcb40, 0x00000001174bccc8]
Event: 1.911 Thread 0x00007fe98100b800  638       3       org.jetbrains.loom.generators.LoomSieveKt$loomPrimes$1$naturalNumbers$1::invoke (12 bytes)
Event: 1.911 Thread 0x00007fe98100b800 nmethod 638 0x00000001174bcd90 code [0x00000001174bcf60, 0x00000001174bd2e8]
Event: 1.913 Thread 0x00007fe98100b800  639       3       kotlin.sequences.DropSequence$iterator$1::next (14 bytes)

GC Heap History (2 events):
Event: 1.325 GC heap before
{Heap before GC invocations=0 (full 0):
 garbage-first heap   total 264192K, used 26368K [0x0000000700000000, 0x0000000800000000)
  region size 1024K, 24 young (24576K), 0 survivors (0K)
 Metaspace       used 3477K, capacity 5770K, committed 6016K, reserved 1056768K
  class space    used 379K, capacity 610K, committed 640K, reserved 1048576K
}
Event: 1.332 GC heap after
{Heap after GC invocations=1 (full 0):
 garbage-first heap   total 264192K, used 3293K [0x0000000700000000, 0x0000000800000000)
  region size 1024K, 2 young (2048K), 2 survivors (2048K)
 Metaspace       used 3477K, capacity 5770K, committed 6016K, reserved 1056768K
  class space    used 379K, capacity 610K, committed 640K, reserved 1048576K
}

Deoptimization events (10 events):
Event: 0.214 Thread 0x00007fe982004000 DEOPT PACKING pc=0x00000001173e998b sp=0x000000010a323fb0
Event: 0.214 Thread 0x00007fe982004000 DEOPT UNPACKING pc=0x0000000116e99d30 sp=0x000000010a323458 mode 0
Event: 0.584 Thread 0x00007fe98209f800 DEOPT PACKING pc=0x00000001174aae44 sp=0x0000700005cc9060
Event: 0.584 Thread 0x00007fe98209f800 DEOPT UNPACKING pc=0x0000000116e99d30 sp=0x0000700005cc8558 mode 0
Event: 1.686 Thread 0x00007fe98209f800 DEOPT PACKING pc=0x00000001174b57c9 sp=0x0000700005cc8840
Event: 1.686 Thread 0x00007fe98209f800 DEOPT UNPACKING pc=0x0000000116e99d30 sp=0x0000700005cc7d38 mode 0
Event: 1.686 Thread 0x00007fe98209f800 Uncommon trap: trap_request=0xffffff45 fr.pc=0x000000011e94025c relative=0x00000000000007bc
Event: 1.686 Thread 0x00007fe98209f800 Uncommon trap: reason=unstable_if action=reinterpret pc=0x000000011e94025c method=java.lang.Continuation.maybeShrink()V @ 89 c2
Event: 1.686 Thread 0x00007fe98209f800 DEOPT PACKING pc=0x000000011e94025c sp=0x0000700005cc88d0
Event: 1.686 Thread 0x00007fe98209f800 DEOPT UNPACKING pc=0x0000000116e9983b sp=0x0000700005cc8768 mode 2

Classes unloaded (0 events):
No events

Classes redefined (0 events):
No events

Internal exceptions (4 events):
Event: 0.134 Thread 0x00007fe982004000 Exception <a 'java/lang/NoSuchMethodError'{0x000000070fd3a3d8}: 'java.lang.Object java.lang.invoke.DirectMethodHandle$Holder.invokeStaticInit(java.lang.Object, java.lang.Object, java.lang.Object)'> (0x000000070fd3a3d8) 
thrown [/Users/qwwdfsad/workspace/loom/src/hotspot/share/interpreter/linkResolver.cpp, line 767]
Event: 0.276 Thread 0x00007fe982004000 Exception <a 'java/lang/NoSuchMethodError'{0x000000070fa62310}: static [Ljava/lang/Object;.<clinit>()V> (0x000000070fa62310) 
thrown [/Users/qwwdfsad/workspace/loom/src/hotspot/share/prims/jni.cpp, line 1347]
Event: 0.285 Thread 0x00007fe982004000 Exception <a 'java/lang/NoSuchMethodError'{0x000000070fa8b3d8}: static [I.<clinit>()V> (0x000000070fa8b3d8) 
thrown [/Users/qwwdfsad/workspace/loom/src/hotspot/share/prims/jni.cpp, line 1347]
Event: 1.301 Thread 0x00007fe982004000 Exception <a 'java/lang/NoSuchMethodError'{0x000000070fad3c00}: static Lorg/openjdk/jmh/results/IterationResultMetaData;.<clinit>()V> (0x000000070fad3c00) 
thrown [/Users/qwwdfsad/workspace/loom/src/hotspot/share/prims/jni.cpp, line 1347]

Events (20 events):
Event: 1.298 loading class org/openjdk/jmh/util/SingletonStatistics
Event: 1.298 loading class org/openjdk/jmh/util/SingletonStatistics done
Event: 1.298 loading class org/openjdk/jmh/util/AbstractStatistics
Event: 1.298 loading class org/openjdk/jmh/util/AbstractStatistics done
Event: 1.299 loading class org/openjdk/jmh/runner/options/TimeValue$1
Event: 1.299 loading class org/openjdk/jmh/runner/options/TimeValue$1 done
Event: 1.299 Executing VM operation: RevokeBias
Event: 1.299 Executing VM operation: RevokeBias done
Event: 1.299 loading class org/openjdk/jmh/results/AggregationPolicy
Event: 1.299 loading class org/openjdk/jmh/results/AggregationPolicy done
Event: 1.300 loading class org/openjdk/jmh/results/IterationResultMetaData
Event: 1.300 loading class org/openjdk/jmh/results/IterationResultMetaData done
Event: 1.325 Executing VM operation: G1CollectForAllocation
Event: 1.332 Executing VM operation: G1CollectForAllocation done
Event: 1.332 Executing VM operation: RevokeBias
Event: 1.332 Executing VM operation: RevokeBias done
Event: 1.689 Thread 0x00007fe9820a2800 Thread added: 0x00007fe9820a2800
Event: 1.689 Protecting memory [0x00007000060dc000,0x00007000060e0000] with protection modes 0
Event: 1.910 Protecting memory [0x00007000060dc000,0x00007000060e0000] with protection modes 3
Event: 1.910 Thread 0x00007fe9820a2800 Thread exited: 0x00007fe9820a2800


Dynamic libraries:
0x00007fff5877a000 	/usr/lib/libz.1.dylib
0x000000010a1f1000 	/Users/qwwdfsad/workspace/loom/build/macosx-x86_64-server-release/images/jdk-bundle/jdk-14.jdk/Contents/Home/lib/libjli.dylib
0x00007fff30225000 	/System/Library/Frameworks/Cocoa.framework/Versions/A/Cocoa
0x00007fff3c842000 	/System/Library/Frameworks/Security.framework/Versions/A/Security
0x00007fff2ee66000 	/System/Library/Frameworks/ApplicationServices.framework/Versions/A/ApplicationServices
0x00007fff566ab000 	/usr/lib/libSystem.B.dylib
0x00007fff58828000 	/usr/lib/system/libcache.dylib
0x00007fff5882d000 	/usr/lib/system/libcommonCrypto.dylib
0x00007fff58838000 	/usr/lib/system/libcompiler_rt.dylib
0x00007fff58840000 	/usr/lib/system/libcopyfile.dylib
0x00007fff5884a000 	/usr/lib/system/libcorecrypto.dylib
0x00007fff58957000 	/usr/lib/system/libdispatch.dylib
0x00007fff58991000 	/usr/lib/system/libdyld.dylib
0x00007fff589af000 	/usr/lib/system/libkeymgr.dylib
0x00007fff589bd000 	/usr/lib/system/liblaunch.dylib
0x00007fff589be000 	/usr/lib/system/libmacho.dylib
0x00007fff589c3000 	/usr/lib/system/libquarantine.dylib
0x00007fff589c6000 	/usr/lib/system/libremovefile.dylib
0x00007fff589c8000 	/usr/lib/system/libsystem_asl.dylib
0x00007fff589e0000 	/usr/lib/system/libsystem_blocks.dylib
0x00007fff589e1000 	/usr/lib/system/libsystem_c.dylib
0x00007fff58a6b000 	/usr/lib/system/libsystem_configuration.dylib
0x00007fff58a6f000 	/usr/lib/system/libsystem_coreservices.dylib
0x00007fff58a73000 	/usr/lib/system/libsystem_darwin.dylib
0x00007fff58a75000 	/usr/lib/system/libsystem_dnssd.dylib
0x00007fff58a7c000 	/usr/lib/system/libsystem_info.dylib
0x00007fff58aed000 	/usr/lib/system/libsystem_m.dylib
0x00007fff58b39000 	/usr/lib/system/libsystem_malloc.dylib
0x00007fff58b59000 	/usr/lib/system/libsystem_network.dylib
0x00007fff58c8a000 	/usr/lib/system/libsystem_networkextension.dylib
0x00007fff58c95000 	/usr/lib/system/libsystem_notify.dylib
0x00007fff58cb3000 	/usr/lib/system/libsystem_sandbox.dylib
0x00007fff58cb7000 	/usr/lib/system/libsystem_secinit.dylib
0x00007fff58ac6000 	/usr/lib/system/libsystem_kernel.dylib
0x00007fff58c9f000 	/usr/lib/system/libsystem_platform.dylib
0x00007fff58ca7000 	/usr/lib/system/libsystem_pthread.dylib
0x00007fff58cb9000 	/usr/lib/system/libsystem_symptoms.dylib
0x00007fff58cc1000 	/usr/lib/system/libsystem_trace.dylib
0x00007fff58cd6000 	/usr/lib/system/libunwind.dylib
0x00007fff58cdc000 	/usr/lib/system/libxpc.dylib
0x00007fff56171000 	/usr/lib/closure/libclosured.dylib
0x00007fff57d64000 	/usr/lib/libobjc.A.dylib
0x00007fff56937000 	/usr/lib/libc++abi.dylib
0x00007fff568e0000 	/usr/lib/libc++.1.dylib
0x00007fff309d8000 	/System/Library/Frameworks/CoreFoundation.framework/Versions/A/CoreFoundation
0x00007fff32b3a000 	/System/Library/Frameworks/Foundation.framework/Versions/C/Foundation
0x00007fff2dfb6000 	/System/Library/Frameworks/AppKit.framework/Versions/C/AppKit
0x00007fff3059d000 	/System/Library/Frameworks/CoreData.framework/Versions/A/CoreData
0x00007fff4ff64000 	/System/Library/PrivateFrameworks/RemoteViewServices.framework/Versions/A/RemoteViewServices
0x00007fff546dd000 	/System/Library/PrivateFrameworks/UIFoundation.framework/Versions/A/UIFoundation
0x00007fff44d58000 	/System/Library/PrivateFrameworks/DFRFoundation.framework/Versions/A/DFRFoundation
0x00007fff351a7000 	/System/Library/Frameworks/Metal.framework/Versions/A/Metal
0x00007fff44ef5000 	/System/Library/PrivateFrameworks/DesktopServicesPriv.framework/Versions/A/DesktopServicesPriv
0x00007fff572b1000 	/usr/lib/libenergytrace.dylib
0x00007fff52749000 	/System/Library/PrivateFrameworks/SkyLight.framework/Versions/A/SkyLight
0x00007fff30e7b000 	/System/Library/Frameworks/CoreGraphics.framework/Versions/A/CoreGraphics
0x00007fff566a6000 	/usr/lib/libScreenReader.dylib
0x00007fff2cf50000 	/System/Library/Frameworks/Accelerate.framework/Versions/A/Accelerate
0x00007fff332b5000 	/System/Library/Frameworks/IOSurface.framework/Versions/A/IOSurface
0x00007fff2f3b0000 	/System/Library/Frameworks/AudioToolbox.framework/Versions/A/AudioToolbox
0x00007fff2f640000 	/System/Library/Frameworks/AudioUnit.framework/Versions/A/AudioUnit
0x00007fff44df0000 	/System/Library/PrivateFrameworks/DataDetectorsCore.framework/Versions/A/DataDetectorsCore
0x00007fff2fd18000 	/System/Library/Frameworks/Carbon.framework/Versions/A/Frameworks/HIToolbox.framework/Versions/A/HIToolbox
0x00007fff5740b000 	/usr/lib/libicucore.A.dylib
0x00007fff3bdbf000 	/System/Library/Frameworks/QuartzCore.framework/Versions/A/QuartzCore
0x00007fff519eb000 	/System/Library/PrivateFrameworks/SignpostNotification.framework/Versions/A/SignpostNotification
0x00007fff300fe000 	/System/Library/Frameworks/Carbon.framework/Versions/A/Frameworks/SpeechRecognition.framework/Versions/A/SpeechRecognition
0x00007fff56807000 	/usr/lib/libauto.dylib
0x00007fff58669000 	/usr/lib/libxml2.2.dylib
0x00007fff449a8000 	/System/Library/PrivateFrameworks/CoreUI.framework/Versions/A/CoreUI
0x00007fff30479000 	/System/Library/Frameworks/CoreAudio.framework/Versions/A/CoreAudio
0x00007fff32974000 	/System/Library/Frameworks/DiskArbitration.framework/Versions/A/DiskArbitration
0x00007fff5767f000 	/usr/lib/liblangid.dylib
0x00007fff4c463000 	/System/Library/PrivateFrameworks/MultitouchSupport.framework/Versions/A/MultitouchSupport
0x00007fff33217000 	/System/Library/Frameworks/IOKit.framework/Versions/A/IOKit
0x00007fff56335000 	/usr/lib/libDiagnosticMessagesClient.dylib
0x00007fff31b51000 	/System/Library/Frameworks/CoreServices.framework/Versions/A/CoreServices
0x00007fff4df9c000 	/System/Library/PrivateFrameworks/PerformanceAnalysis.framework/Versions/A/PerformanceAnalysis
0x00007fff3af61000 	/System/Library/Frameworks/OpenGL.framework/Versions/A/OpenGL
0x00007fff30233000 	/System/Library/Frameworks/ColorSync.framework/Versions/A/ColorSync
0x00007fff3148d000 	/System/Library/Frameworks/CoreImage.framework/Versions/A/CoreImage
0x00007fff324e2000 	/System/Library/Frameworks/CoreText.framework/Versions/A/CoreText
0x00007fff33313000 	/System/Library/Frameworks/ImageIO.framework/Versions/A/ImageIO
0x00007fff41654000 	/System/Library/PrivateFrameworks/Backup.framework/Versions/A/Backup
0x00007fff56757000 	/usr/lib/libarchive.2.dylib
0x00007fff2f963000 	/System/Library/Frameworks/CFNetwork.framework/Versions/A/CFNetwork
0x00007fff3cfd5000 	/System/Library/Frameworks/SystemConfiguration.framework/Versions/A/SystemConfiguration
0x00007fff5625e000 	/usr/lib/libCRFSuite.dylib
0x00007fff568c1000 	/usr/lib/libbsm.0.dylib
0x00007fff589b0000 	/usr/lib/system/libkxld.dylib
0x00007fff5656f000 	/usr/lib/libOpenScriptingUtil.dylib
0x00007fff56c30000 	/usr/lib/libcoretls.dylib
0x00007fff56c49000 	/usr/lib/libcoretls_cfhelpers.dylib
0x00007fff58165000 	/usr/lib/libpam.2.dylib
0x00007fff5828c000 	/usr/lib/libsqlite3.dylib
0x00007fff58658000 	/usr/lib/libxar.1.dylib
0x00007fff568d2000 	/usr/lib/libbz2.1.0.dylib
0x00007fff57681000 	/usr/lib/liblzma.5.dylib
0x00007fff57b62000 	/usr/lib/libnetwork.dylib
0x00007fff56740000 	/usr/lib/libapple_nghttp2.dylib
0x00007fff5816c000 	/usr/lib/libpcap.A.dylib
0x00007fff56808000 	/usr/lib/libboringssl.dylib
0x00007fff585f3000 	/usr/lib/libusrtcp.dylib
0x00007fff5673f000 	/usr/lib/libapple_crypto.dylib
0x00007fff31ed4000 	/System/Library/Frameworks/CoreServices.framework/Versions/A/Frameworks/FSEvents.framework/Versions/A/FSEvents
0x00007fff31bc7000 	/System/Library/Frameworks/CoreServices.framework/Versions/A/Frameworks/CarbonCore.framework/Versions/A/CarbonCore
0x00007fff3209c000 	/System/Library/Frameworks/CoreServices.framework/Versions/A/Frameworks/Metadata.framework/Versions/A/Metadata
0x00007fff3214d000 	/System/Library/Frameworks/CoreServices.framework/Versions/A/Frameworks/OSServices.framework/Versions/A/OSServices
0x00007fff321ae000 	/System/Library/Frameworks/CoreServices.framework/Versions/A/Frameworks/SearchKit.framework/Versions/A/SearchKit
0x00007fff31b52000 	/System/Library/Frameworks/CoreServices.framework/Versions/A/Frameworks/AE.framework/Versions/A/AE
0x00007fff31edd000 	/System/Library/Frameworks/CoreServices.framework/Versions/A/Frameworks/LaunchServices.framework/Versions/A/LaunchServices
0x00007fff31e9f000 	/System/Library/Frameworks/CoreServices.framework/Versions/A/Frameworks/DictionaryServices.framework/Versions/A/DictionaryServices
0x00007fff3221d000 	/System/Library/Frameworks/CoreServices.framework/Versions/A/Frameworks/SharedFileList.framework/Versions/A/SharedFileList
0x00007fff363dd000 	/System/Library/Frameworks/NetFS.framework/Versions/A/NetFS
0x00007fff4c6f4000 	/System/Library/PrivateFrameworks/NetAuth.framework/Versions/A/NetAuth
0x00007fff56008000 	/System/Library/PrivateFrameworks/login.framework/Versions/A/Frameworks/loginsupport.framework/Versions/A/loginsupport
0x00007fff5435a000 	/System/Library/PrivateFrameworks/TCC.framework/Versions/A/TCC
0x00007fff57762000 	/usr/lib/libmecabra.dylib
0x00007fff2ee67000 	/System/Library/Frameworks/ApplicationServices.framework/Versions/A/Frameworks/ATS.framework/Versions/A/ATS
0x00007fff2f215000 	/System/Library/Frameworks/ApplicationServices.framework/Versions/A/Frameworks/ColorSyncLegacy.framework/Versions/A/ColorSyncLegacy
0x00007fff2f2b9000 	/System/Library/Frameworks/ApplicationServices.framework/Versions/A/Frameworks/HIServices.framework/Versions/A/HIServices
0x00007fff2f30c000 	/System/Library/Frameworks/ApplicationServices.framework/Versions/A/Frameworks/LangAnalysis.framework/Versions/A/LangAnalysis
0x00007fff2f31b000 	/System/Library/Frameworks/ApplicationServices.framework/Versions/A/Frameworks/PrintCore.framework/Versions/A/PrintCore
0x00007fff2f368000 	/System/Library/Frameworks/ApplicationServices.framework/Versions/A/Frameworks/QD.framework/Versions/A/QD
0x00007fff2f3a3000 	/System/Library/Frameworks/ApplicationServices.framework/Versions/A/Frameworks/SpeechSynthesis.framework/Versions/A/SpeechSynthesis
0x00007fff308f4000 	/System/Library/Frameworks/CoreDisplay.framework/Versions/A/CoreDisplay
0x00007fff2cf68000 	/System/Library/Frameworks/Accelerate.framework/Versions/A/Frameworks/vImage.framework/Versions/A/vImage
0x00007fff2dcc2000 	/System/Library/Frameworks/Accelerate.framework/Versions/A/Frameworks/vecLib.framework/Versions/A/vecLib
0x00007fff2da62000 	/System/Library/Frameworks/Accelerate.framework/Versions/A/Frameworks/vecLib.framework/Versions/A/libvDSP.dylib
0x00007fff2d5c2000 	/System/Library/Frameworks/Accelerate.framework/Versions/A/Frameworks/vecLib.framework/Versions/A/libBNNS.dylib
0x00007fff2d9c7000 	/System/Library/Frameworks/Accelerate.framework/Versions/A/Frameworks/vecLib.framework/Versions/A/libQuadrature.dylib
0x00007fff2dc10000 	/System/Library/Frameworks/Accelerate.framework/Versions/A/Frameworks/vecLib.framework/Versions/A/libvMisc.dylib
0x00007fff2d5f1000 	/System/Library/Frameworks/Accelerate.framework/Versions/A/Frameworks/vecLib.framework/Versions/A/libLAPACK.dylib
0x00007fff2d467000 	/System/Library/Frameworks/Accelerate.framework/Versions/A/Frameworks/vecLib.framework/Versions/A/libBLAS.dylib
0x00007fff2d9b1000 	/System/Library/Frameworks/Accelerate.framework/Versions/A/Frameworks/vecLib.framework/Versions/A/libLinearAlgebra.dylib
0x00007fff2d9cd000 	/System/Library/Frameworks/Accelerate.framework/Versions/A/Frameworks/vecLib.framework/Versions/A/libSparse.dylib
0x00007fff2da4e000 	/System/Library/Frameworks/Accelerate.framework/Versions/A/Frameworks/vecLib.framework/Versions/A/libSparseBLAS.dylib
0x00007fff49534000 	/System/Library/PrivateFrameworks/GPUWrangler.framework/Versions/A/GPUWrangler
0x00007fff4acc5000 	/System/Library/PrivateFrameworks/IOAccelerator.framework/Versions/A/IOAccelerator
0x00007fff4acd0000 	/System/Library/PrivateFrameworks/IOPresentment.framework/Versions/A/IOPresentment
0x00007fff44d6a000 	/System/Library/PrivateFrameworks/DSExternalDisplay.framework/Versions/A/DSExternalDisplay
0x00007fff3a3e0000 	/System/Library/Frameworks/OpenGL.framework/Versions/A/Libraries/libCoreFSCache.dylib
0x00007fff32633000 	/System/Library/Frameworks/CoreVideo.framework/Versions/A/CoreVideo
0x00007fff4a2af000 	/System/Library/PrivateFrameworks/GraphVisualizer.framework/Versions/A/GraphVisualizer
0x00007fff353de000 	/System/Library/Frameworks/MetalPerformanceShaders.framework/Versions/A/MetalPerformanceShaders
0x00007fff5636d000 	/usr/lib/libFosl_dynamic.dylib
0x00007fff45e3e000 	/System/Library/PrivateFrameworks/FaceCore.framework/Versions/A/FaceCore
0x00007fff391db000 	/System/Library/Frameworks/OpenCL.framework/Versions/A/OpenCL
0x00007fff5696e000 	/usr/lib/libcompression.dylib
0x00007fff2ef66000 	/System/Library/Frameworks/ApplicationServices.framework/Versions/A/Frameworks/ATS.framework/Versions/A/Resources/libFontParser.dylib
0x00007fff2f089000 	/System/Library/Frameworks/ApplicationServices.framework/Versions/A/Frameworks/ATS.framework/Versions/A/Resources/libFontRegistry.dylib
0x00007fff3357b000 	/System/Library/Frameworks/ImageIO.framework/Versions/A/Resources/libJPEG.dylib
0x00007fff338a4000 	/System/Library/Frameworks/ImageIO.framework/Versions/A/Resources/libTIFF.dylib
0x00007fff3387a000 	/System/Library/Frameworks/ImageIO.framework/Versions/A/Resources/libPng.dylib
0x00007fff3348e000 	/System/Library/Frameworks/ImageIO.framework/Versions/A/Resources/libGIF.dylib
0x00007fff33493000 	/System/Library/Frameworks/ImageIO.framework/Versions/A/Resources/libJP2.dylib
0x00007fff338a1000 	/System/Library/Frameworks/ImageIO.framework/Versions/A/Resources/libRadiance.dylib
0x00007fff40d7e000 	/System/Library/PrivateFrameworks/AppleJPEG.framework/Versions/A/AppleJPEG
0x00007fff35245000 	/System/Library/Frameworks/MetalPerformanceShaders.framework/Frameworks/MPSCore.framework/Versions/A/MPSCore
0x00007fff35261000 	/System/Library/Frameworks/MetalPerformanceShaders.framework/Frameworks/MPSImage.framework/Versions/A/MPSImage
0x00007fff352f6000 	/System/Library/Frameworks/MetalPerformanceShaders.framework/Frameworks/MPSNeuralNetwork.framework/Versions/A/MPSNeuralNetwork
0x00007fff352d1000 	/System/Library/Frameworks/MetalPerformanceShaders.framework/Frameworks/MPSMatrix.framework/Versions/A/MPSMatrix
0x00007fff4c1c6000 	/System/Library/PrivateFrameworks/MetalTools.framework/Versions/A/MetalTools
0x00007fff3a5ab000 	/System/Library/Frameworks/OpenGL.framework/Versions/A/Libraries/libGLU.dylib
0x00007fff3a3eb000 	/System/Library/Frameworks/OpenGL.framework/Versions/A/Libraries/libGFXShared.dylib
0x00007fff3a3f5000 	/System/Library/Frameworks/OpenGL.framework/Versions/A/Libraries/libGL.dylib
0x00007fff3a401000 	/System/Library/Frameworks/OpenGL.framework/Versions/A/Libraries/libGLImage.dylib
0x00007fff3a3dd000 	/System/Library/Frameworks/OpenGL.framework/Versions/A/Libraries/libCVMSPluginSupport.dylib
0x00007fff3a3e6000 	/System/Library/Frameworks/OpenGL.framework/Versions/A/Libraries/libCoreVMClient.dylib
0x00007fff5711b000 	/usr/lib/libcups.2.dylib
0x00007fff347ac000 	/System/Library/Frameworks/Kerberos.framework/Versions/A/Kerberos
0x00007fff32f71000 	/System/Library/Frameworks/GSS.framework/Versions/A/GSS
0x00007fff5821f000 	/usr/lib/libresolv.9.dylib
0x00007fff57319000 	/usr/lib/libiconv.2.dylib
0x00007fff4a341000 	/System/Library/PrivateFrameworks/Heimdal.framework/Versions/A/Heimdal
0x00007fff572e8000 	/usr/lib/libheimdal-asn1.dylib
0x00007fff39253000 	/System/Library/Frameworks/OpenDirectory.framework/Versions/A/OpenDirectory
0x00007fff43095000 	/System/Library/PrivateFrameworks/CommonAuth.framework/Versions/A/CommonAuth
0x00007fff39236000 	/System/Library/Frameworks/OpenDirectory.framework/Versions/A/Frameworks/CFOpenDirectory.framework/Versions/A/CFOpenDirectory
0x00007fff3cb6e000 	/System/Library/Frameworks/SecurityFoundation.framework/Versions/A/SecurityFoundation
0x00007fff3ff42000 	/System/Library/PrivateFrameworks/APFS.framework/Versions/A/APFS
0x00007fff58654000 	/usr/lib/libutil.dylib
0x00007fff40e01000 	/System/Library/PrivateFrameworks/AppleSauce.framework/Versions/A/AppleSauce
0x00007fff4b4ad000 	/System/Library/PrivateFrameworks/LinguisticData.framework/Versions/A/LinguisticData
0x00007fff5769b000 	/usr/lib/libmarisa.dylib
0x00007fff4b467000 	/System/Library/PrivateFrameworks/Lexicon.framework/Versions/A/Lexicon
0x00007fff56298000 	/usr/lib/libChineseTokenizer.dylib
0x00007fff5695d000 	/usr/lib/libcmph.dylib
0x00007fff4b371000 	/System/Library/PrivateFrameworks/LanguageModeling.framework/Versions/A/LanguageModeling
0x00007fff43bb2000 	/System/Library/PrivateFrameworks/CoreEmoji.framework/Versions/A/CoreEmoji
0x00007fff3cc2c000 	/System/Library/Frameworks/ServiceManagement.framework/Versions/A/ServiceManagement
0x00007fff4164c000 	/System/Library/PrivateFrameworks/BackgroundTaskManagement.framework/Versions/A/BackgroundTaskManagement
0x00007fff58751000 	/usr/lib/libxslt.1.dylib
0x00007fff30028000 	/System/Library/Frameworks/Carbon.framework/Versions/A/Frameworks/Ink.framework/Versions/A/Ink
0x00007fff5456f000 	/System/Library/PrivateFrameworks/TextureIO.framework/Versions/A/TextureIO
0x00007fff56782000 	/usr/lib/libate.dylib
0x00007fff44cc9000 	/System/Library/PrivateFrameworks/CrashReporterSupport.framework/Versions/A/CrashReporterSupport
0x00007fff518ab000 	/System/Library/PrivateFrameworks/Sharing.framework/Versions/A/Sharing
0x00007fff4b0b2000 	/System/Library/PrivateFrameworks/IconServices.framework/Versions/A/IconServices
0x00007fff4127c000 	/System/Library/PrivateFrameworks/AuthKit.framework/Versions/A/AuthKit
0x00007fff40c01000 	/System/Library/PrivateFrameworks/Apple80211.framework/Versions/A/Apple80211
0x00007fff44ade000 	/System/Library/PrivateFrameworks/CoreUtils.framework/Versions/A/CoreUtils
0x00007fff3266e000 	/System/Library/Frameworks/CoreWLAN.framework/Versions/A/CoreWLAN
0x00007fff330b3000 	/System/Library/Frameworks/IOBluetooth.framework/Versions/A/IOBluetooth
0x00007fff4fd6b000 	/System/Library/PrivateFrameworks/ProtocolBuffer.framework/Versions/A/ProtocolBuffer
0x00007fff4c3be000 	/System/Library/PrivateFrameworks/MobileKeyBag.framework/Versions/A/MobileKeyBag
0x00007fff44356000 	/System/Library/PrivateFrameworks/CorePhoneNumbers.framework/Versions/A/CorePhoneNumbers
0x00007fff40d39000 	/System/Library/PrivateFrameworks/AppleIDAuthSupport.framework/Versions/A/AppleIDAuthSupport
0x00007fff4b35d000 	/System/Library/PrivateFrameworks/KeychainCircle.framework/Versions/A/KeychainCircle
0x00007fff44c64000 	/System/Library/PrivateFrameworks/CoreWiFi.framework/Versions/A/CoreWiFi
0x00007fff30573000 	/System/Library/Frameworks/CoreBluetooth.framework/Versions/A/CoreBluetooth
0x00007fff44eb4000 	/System/Library/PrivateFrameworks/DebugSymbols.framework/Versions/A/DebugSymbols
0x00007fff44894000 	/System/Library/PrivateFrameworks/CoreSymbolication.framework/Versions/A/CoreSymbolication
0x00007fff53d61000 	/System/Library/PrivateFrameworks/Symbolication.framework/Versions/A/Symbolication
0x00007fff40c2b000 	/System/Library/PrivateFrameworks/AppleFSCompression.framework/Versions/A/AppleFSCompression
0x00007fff531ae000 	/System/Library/PrivateFrameworks/SpeechRecognitionCore.framework/Versions/A/SpeechRecognitionCore
0x000000010b400000 	/Users/qwwdfsad/workspace/loom/build/macosx-x86_64-server-release/images/jdk-bundle/jdk-14.jdk/Contents/Home/lib/server/libjvm.dylib
0x000000010a328000 	/Users/qwwdfsad/workspace/loom/build/macosx-x86_64-server-release/images/jdk-bundle/jdk-14.jdk/Contents/Home/lib/libverify.dylib
0x000000010a334000 	/Users/qwwdfsad/workspace/loom/build/macosx-x86_64-server-release/images/jdk-bundle/jdk-14.jdk/Contents/Home/lib/libjava.dylib
0x000000010a3a3000 	/Users/qwwdfsad/workspace/loom/build/macosx-x86_64-server-release/images/jdk-bundle/jdk-14.jdk/Contents/Home/lib/libzip.dylib
0x000000010a3aa000 	/Users/qwwdfsad/workspace/loom/build/macosx-x86_64-server-release/images/jdk-bundle/jdk-14.jdk/Contents/Home/lib/libjimage.dylib
0x0000000131031000 	/Users/qwwdfsad/workspace/loom/build/macosx-x86_64-server-release/images/jdk-bundle/jdk-14.jdk/Contents/Home/lib/libnio.dylib
0x000000013103f000 	/Users/qwwdfsad/workspace/loom/build/macosx-x86_64-server-release/images/jdk-bundle/jdk-14.jdk/Contents/Home/lib/./libnet.dylib
0x0000000116da4000 	/Users/qwwdfsad/workspace/loom/build/macosx-x86_64-server-release/images/jdk-bundle/jdk-14.jdk/Contents/Home/lib/libextnet.dylib
0x00000001310da000 	/Users/qwwdfsad/workspace/loom/build/macosx-x86_64-server-release/images/jdk-bundle/jdk-14.jdk/Contents/Home/lib/libmanagement.dylib
0x00000001310df000 	/Users/qwwdfsad/workspace/loom/build/macosx-x86_64-server-release/images/jdk-bundle/jdk-14.jdk/Contents/Home/lib/libmanagement_ext.dylib


VM Arguments:
jvm_args: -XX:CompileCommandFile=/var/folders/81/6kccpxhx0vs_tjy4x93n2zzc0000gn/T/jmh17103116923461236774compilecommand 
java_command: org.openjdk.jmh.runner.ForkedMain 127.0.0.1 60359
java_class_path (initial): target/benchmarks.jar
Launcher Type: SUN_STANDARD

[Global flags]
     intx CICompilerCount                          = 4                                         {product} {ergonomic}
    ccstr CompileCommandFile                       = /var/folders/81/6kccpxhx0vs_tjy4x93n2zzc0000gn/T/jmh17103116923461236774compilecommand            {product} {command line}
     uint ConcGCThreads                            = 2                                         {product} {ergonomic}
     uint G1ConcRefinementThreads                  = 8                                         {product} {ergonomic}
   size_t G1HeapRegionSize                         = 1048576                                   {product} {ergonomic}
    uintx GCDrainStackTargetSize                   = 64                                        {product} {ergonomic}
   size_t InitialHeapSize                          = 268435456                                 {product} {ergonomic}
   size_t MarkStackSize                            = 4194304                                   {product} {ergonomic}
   size_t MaxHeapSize                              = 4294967296                                {product} {ergonomic}
   size_t MaxNewSize                               = 2576351232                                {product} {ergonomic}
   size_t MinHeapDeltaBytes                        = 1048576                                   {product} {ergonomic}
   size_t MinHeapSize                              = 8388608                                   {product} {ergonomic}
    uintx NonNMethodCodeHeapSize                   = 5836300                                {pd product} {ergonomic}
    uintx NonProfiledCodeHeapSize                  = 122910970                              {pd product} {ergonomic}
    uintx ProfiledCodeHeapSize                     = 122910970                              {pd product} {ergonomic}
    uintx ReservedCodeCacheSize                    = 251658240                              {pd product} {ergonomic}
     bool SegmentedCodeCache                       = true                                      {product} {ergonomic}
   size_t SoftMaxHeapSize                          = 4294967296                             {manageable} {ergonomic}
     bool UseCompressedClassPointers               = true                                 {lp64_product} {ergonomic}
     bool UseCompressedOops                        = true                                 {lp64_product} {ergonomic}
     bool UseG1GC                                  = true                                      {product} {ergonomic}

Logging:
Log output configuration:
 #0: stdout all=warning uptime,level,tags
 #1: stderr all=off uptime,level,tags

Environment Variables:
JAVA_HOME=/Users/qwwdfsad/workspace/loom/build/macosx-x86_64-server-release/images/jdk-bundle/jdk-14.jdk/Contents/Home/
PATH=/Users/qwwdfsad/Desktop/jet15.0-ent-amd64/bin:/usr/local/bin:/usr/bin:/bin:/usr/sbin:/sbin:/Users/qwwdfsad/workspace/mx:/Users/qwwdfsad/async-profiler/:/Library/TeX/texbin:/opt/X11/bin:/Users/qwwdfsad/workspace/jdk9-dev/build/macosx-x86_64-normal-server-release/images/jdk/bin:/Users/qwwdfsad/workspace/jtreg//bin/
SHELL=/bin/bash
DISPLAY=/private/tmp/com.apple.launchd.pJsSTnwInE/org.macosforge.xquartz:0

Signal Handlers:
SIGSEGV: [libjvm.dylib+0x88511a], sa_mask[0]=11111111011111110111111111111111, sa_flags=SA_ONSTACK|SA_RESTART|SA_SIGINFO
SIGBUS: [libjvm.dylib+0x88511a], sa_mask[0]=11111111011111110111111111111111, sa_flags=SA_RESTART|SA_SIGINFO
SIGFPE: [libjvm.dylib+0x88511a], sa_mask[0]=11111111011111110111111111111111, sa_flags=SA_RESTART|SA_SIGINFO
SIGPIPE: [libjvm.dylib+0x6c22cb], sa_mask[0]=11111111011111110111111111111111, sa_flags=SA_RESTART|SA_SIGINFO
SIGXFSZ: [libjvm.dylib+0x6c22cb], sa_mask[0]=11111111011111110111111111111111, sa_flags=SA_RESTART|SA_SIGINFO
SIGILL: [libjvm.dylib+0x88511a], sa_mask[0]=11111111011111110111111111111111, sa_flags=SA_RESTART|SA_SIGINFO
SIGUSR2: [libjvm.dylib+0x6c28b5], sa_mask[0]=00100000000000000000000000000000, sa_flags=SA_RESTART|SA_SIGINFO
SIGHUP: [libjvm.dylib+0x6c18a3], sa_mask[0]=11111111011111110111111111111111, sa_flags=SA_RESTART|SA_SIGINFO
SIGINT: [libjvm.dylib+0x6c18a3], sa_mask[0]=11111111011111110111111111111111, sa_flags=SA_RESTART|SA_SIGINFO
SIGTERM: [libjvm.dylib+0x6c18a3], sa_mask[0]=11111111011111110111111111111111, sa_flags=SA_RESTART|SA_SIGINFO
SIGQUIT: [libjvm.dylib+0x6c18a3], sa_mask[0]=11111111011111110111111111111111, sa_flags=SA_RESTART|SA_SIGINFO


---------------  S Y S T E M  ---------------

OS:uname:Darwin 17.7.0 Darwin Kernel Version 17.7.0: Thu Dec 20 21:47:19 PST 2018; root:xnu-4570.71.22~1/RELEASE_X86_64 x86_64
rlimit: STACK 8192k, CORE 0k, NPROC 1418, NOFILE 10240, AS infinity, DATA infinity, FSIZE infinity
load average:2.22 2.26 2.11

CPU:total 8 (initial active 8) (4 cores per cpu, 2 threads per core) family 6 model 70 stepping 1, cmov, cx8, fxsr, mmx, sse, sse2, sse3, ssse3, sse4.1, sse4.2, popcnt, avx, avx2, aes, clmul, erms, lzcnt, ht, tsc, tscinvbit, bmi1, bmi2, fma

Memory: 4k page, physical 16777216k(478256k free), swap 2097152k(716800k free)

vm_info: OpenJDK 64-Bit Server VM (14-internal+0-adhoc.qwwdfsad.loom) for bsd-amd64 JRE (14-internal+0-adhoc.qwwdfsad.loom), built on Jul 28 2019 11:28:45 by "qwwdfsad" with clang 4.2.1 Compatible Apple LLVM 10.0.0 (clang-1000.11.45.5)

END.
